2021-06-20T23:36:31.829Z [jfrt ] [INFO ] [1bf19db7c237f685] [o.a.c.h.HaNodeProperties:65   ] [ocalhost-startStop-2] - Artifactory is running in non-clustered mode.
2021-06-20T23:36:31.851Z [jfrt ] [INFO ] [1bf19db7c237f685] [tifactoryHomeConfigListener:85] [ocalhost-startStop-2] - Resolved Home: '/opt/jfrog/artifactory
2021-06-20T23:36:32.448Z [jfrt ] [INFO ] [                ] [o.j.c.w.FileWatcher:147       ] [Thread-6            ] - Starting watch of folder configurations
2021-06-20T23:36:32.549Z [jfrt ] [WARN ] [1bf19db7c237f685] [c.z.h.u.DriverDataSource:70   ] [ocalhost-startStop-2] - Registered driver with driverClassName=org.apache.derby.jdbc.EmbeddedDriver was not found, trying direct instantiation.
2021-06-20T23:36:34.635Z [jfrt ] [INFO ] [1bf19db7c237f685] [.BasicConfigurationManager:186] [ocalhost-startStop-2] - Artifactory (jfrt) service initialization started. Version: 7.19.8 Revision: 71908900 PID: 3860 Home: /opt/jfrog/artifactory
2021-06-20T23:36:39.642Z [jfrt ] [INFO ] [1bf19db7c237f685] [o.j.s.c.KeyUtils:108          ] [ocalhost-startStop-2] - Master key is missing. Pending for 5 seconds with 60 seconds timeout
2021-06-20T23:36:41.945Z [jfrt ] [INFO ] [1bf19db7c237f685] [s.d.v.c.DbSqlConverterUtil:101] [ocalhost-startStop-2] - Starting schema conversion: /conversion/derby/derby_v570a.sql
2021-06-20T23:36:41.987Z [jfrt ] [INFO ] [1bf19db7c237f685] [s.d.v.c.DbSqlConverterUtil:103] [ocalhost-startStop-2] - Finished schema conversion: /conversion/derby/derby_v570a.sql
2021-06-20T23:36:42.014Z [jfrt ] [INFO ] [1bf19db7c237f685] [d.c.m.ConverterManagerImpl:212] [ocalhost-startStop-2] - Triggering PRE_INIT conversion, from 7.19.8 to 7.19.8
2021-06-20T23:36:42.015Z [jfrt ] [INFO ] [1bf19db7c237f685] [d.c.m.ConverterManagerImpl:215] [ocalhost-startStop-2] - Finished PRE_INIT conversion, current version is: 7.19.8
2021-06-20T23:36:42.015Z [jfrt ] [INFO ] [1bf19db7c237f685] [d.i.DbInitializationManager:49] [ocalhost-startStop-2] - Initializing DB Schema initialization manager
2021-06-20T23:36:42.017Z [jfrt ] [INFO ] [1bf19db7c237f685] [.i.DbInitializationManager:177] [ocalhost-startStop-2] - Database: Apache Derby 10.14.2.0 - (1828579). Driver: Apache Derby Embedded JDBC Driver 10.14.2.0 - (1828579) Pool: derby
2021-06-20T23:36:42.364Z [jfrt ] [INFO ] [1bf19db7c237f685] [d.i.DbInitializationManager:70] [ocalhost-startStop-2] - ***Creating database schema***
2021-06-20T23:36:44.388Z [jfrt ] [INFO ] [1bf19db7c237f685] [d.i.DbInitializationManager:73] [ocalhost-startStop-2] - ***Database schema created***
2021-06-20T23:36:44.389Z [jfrt ] [INFO ] [1bf19db7c237f685] [d.i.DbInitializationManager:53] [ocalhost-startStop-2] - DB Schema initialization manager initialized
2021-06-20T23:36:44.399Z [jfrt ] [INFO ] [1bf19db7c237f685] [SchemaInitializationManager:48] [ocalhost-startStop-2] - Initializing Post-DB initialization manager
2021-06-20T23:36:44.501Z [jfrt ] [INFO ] [1bf19db7c237f685] [.c.ConfigurationManagerImpl:97] [ocalhost-startStop-2] - Starting file sync
2021-06-20T23:36:44.557Z [jfrt ] [INFO ] [1bf19db7c237f685] [SchemaInitializationManager:51] [ocalhost-startStop-2] - Post-DB initialization manager initialized
2021-06-20T23:36:45.293Z [jfrt ] [INFO ] [71f1ef274e919453] [ctoryContextConfigListener:330] [art-init            ] - 
                _   _  __           _                     _____
     /\        | | (_)/ _|         | |                   |  __ \
    /  \   _ __| |_ _| |_ __ _  ___| |_ ___  _ __ _   _  | |__) | __ ___
   / /\ \ | '__| __| |  _/ _` |/ __| __/ _ \| '__| | | | |  ___/ '__/ _ \
  / ____ \| |  | |_| | || (_| | (__| || (_) | |  | |_| | | |   | | | (_) |
 /_/    \_\_|   \__|_|_| \__,_|\___|\__\___/|_|   \__, | |_|   |_|  \___/
 Version:  7.19.8                                  __/ |
 Revision: 71908900                               |___/
 Artifactory Home: '/opt/jfrog/artifactory'
 Node ID: 'f19ef6f0485f'

2021-06-20T23:36:45.544Z [jfrt ] [INFO ] [71f1ef274e919453] [ifactoryApplicationContext:560] [art-init            ] - Artifactory application context set to NOT READY by refresh
2021-06-20T23:36:53.613Z [jfrt ] [WARN ] [71f1ef274e919453] [c.z.h.u.DriverDataSource:70   ] [art-init            ] - Registered driver with driverClassName=org.apache.derby.jdbc.EmbeddedDriver was not found, trying direct instantiation.
2021-06-20T23:36:56.523Z [jfrt ] [INFO ] [71f1ef274e919453] [ritiesStorageServiceFactory:25] [art-init            ] - Initializing DB-based Priorities Storage Service
2021-06-20T23:36:57.301Z [jfrt ] [INFO ] [71f1ef274e919453] [o.a.s.d.v.DerbyValidator:26   ] [art-init            ] - Validating connection collation for derby database
2021-06-20T23:37:01.366Z [jfrt ] [INFO ] [71f1ef274e919453] [HaRoleManagerServiceFactory:27] [art-init            ] - Initializing Task Affinity HA role manager
2021-06-20T23:37:01.898Z [jfrt ] [INFO ] [71f1ef274e919453] [actorySchedulerFactoryBean:727] [art-init            ] - Starting Quartz Scheduler now
2021-06-20T23:37:01.975Z [jfrt ] [INFO ] [71f1ef274e919453] [ifactoryApplicationContext:281] [art-init            ] - Artifactory context starting up 72 Spring Beans...
2021-06-20T23:37:02.011Z [jfrt ] [INFO ] [71f1ef274e919453] [c.CentralConfigServiceImpl:321] [art-init            ] - Loading bootstrap configuration (artifactory home dir is /opt/jfrog/artifactory).
2021-06-20T23:37:02.499Z [jfrt ] [INFO ] [71f1ef274e919453] [c.CentralConfigServiceImpl:876] [art-init            ] - No Central configuration found in the database, using default configuration.
2021-06-20T23:37:02.646Z [jfrt ] [INFO ] [71f1ef274e919453] [o.a.i.InfoWriter:54           ] [art-init            ] - 

 SYSTEM INFORMATION DUMP
 =======================

 System Info
 ========================
   java.library.path                                                     | /usr/java/packages/lib:/usr/lib64:/lib64:/lib:/usr/lib
   java.class.path                                                       | /opt/jfrog/artifactory/app/artifactory/tomcat/bin/bootstrap.jar
                                                                         | /opt/jfrog/artifactory/app/artifactory/tomcat/bin/tomcat-juli.jar

 Java System Info
 ========================
   java.class.version                                                    | 55.0
   java.home                                                             | /opt/jfrog/artifactory/app/third-party/java
   java.io.tmpdir                                                        | /opt/jfrog/artifactory/var/work/artifactory/tomcat/temp
   java.runtime.name                                                     | OpenJDK Runtime Environment
   java.runtime.version                                                  | 11.0.10+9
   java.specification.name                                               | Java Platform API Specification
   java.specification.vendor                                             | Oracle Corporation
   java.specification.version                                            | 11
   java.vendor                                                           | AdoptOpenJDK
   java.vendor.url                                                       | https://adoptopenjdk.net/
   java.vendor.url.bug                                                   | https://github.com/AdoptOpenJDK/openjdk-support/issues
   java.version                                                          | 11.0.10
   java.vm.info                                                          | mixed mode
   java.vm.name                                                          | OpenJDK 64-Bit Server VM
   java.vm.specification.name                                            | Java Virtual Machine Specification
   java.vm.specification.vendor                                          | Oracle Corporation
   java.vm.specification.version                                         | 11
   java.vm.vendor                                                        | AdoptOpenJDK
   java.vm.version                                                       | 11.0.10+9
   sun.arch.data.model                                                   | 64
   sun.boot.library.path                                                 | /opt/jfrog/artifactory/app/third-party/java/lib
   sun.cpu.endian                                                        | little
   sun.cpu.isalist                                                       | 
   sun.io.unicode.encoding                                               | UnicodeLittle
   sun.java.launcher                                                     | SUN_STANDARD
   sun.jnu.encoding                                                      | UTF-8
   sun.management.compiler                                               | HotSpot 64-Bit Tiered Compilers
   sun.os.patch.level                                                    | unknown
   JVM Input arguments                                                   | --add-opens=java.base/java.lang=ALL-UNNAMED
                                                                         | --add-opens=java.base/java.io=ALL-UNNAMED
                                                                         | --add-opens=java.base/java.util=ALL-UNNAMED
                                                                         | --add-opens=java.base/java.util.concurrent=ALL-UNNAMED
                                                                         | --add-opens=java.rmi/sun.rmi.transport=ALL-UNNAMED
                                                                         | -Djava.util.logging.config.file=/opt/jfrog/artifactory/app/artifactory/tomcat/conf/logging.properties
                                                                         | -Djava.util.logging.manager=org.apache.juli.ClassLoaderLogManager
                                                                         | -Djdk.tls.ephemeralDHKeySize=****
                                                                         | -Djava.protocol.handler.pkgs=org.apache.catalina.webresources
                                                                         | -Dorg.apache.catalina.security.SecurityListener.UMASK=0027
                                                                         | -Xms512m
                                                                         | -Xmx2g
                                                                         | -XX:+UseG1GC
                                                                         | -XX:OnOutOfMemoryError=kill -9 %p
                                                                         | --add-opens=java.base/java.util=ALL-UNNAMED
                                                                         | --add-opens=java.base/java.lang.reflect=ALL-UNNAMED
                                                                         | --add-opens=java.base/java.lang.invoke=ALL-UNNAMED
                                                                         | --add-opens=java.base/java.text=ALL-UNNAMED
                                                                         | --add-opens=java.base/java.nio=ALL-UNNAMED
                                                                         | --add-opens=java.desktop/java.awt.font=ALL-UNNAMED
                                                                         | -Dfile.encoding=UTF8
                                                                         | -Djruby.compile.invokedynamic=false
                                                                         | -Djruby.bytecode.version=1.8
                                                                         | -Dorg.apache.tomcat.util.buf.UDecoder.ALLOW_ENCODED_SLASH=true
                                                                         | -Djava.security.egd=file:/dev/./urandom
                                                                         | -Dartdist=docker
                                                                         | -Djf.product.home=/opt/jfrog/artifactory
                                                                         | -Djruby.bytecode.version=1.8
                                                                         | -Dignore.endorsed.dirs=
                                                                         | -Dcatalina.base=/opt/jfrog/artifactory/app/artifactory/tomcat
                                                                         | -Dcatalina.home=/opt/jfrog/artifactory/app/artifactory/tomcat
                                                                         | -Djava.io.tmpdir=/opt/jfrog/artifactory/var/work/artifactory/tomcat/temp

 User Info
 ========================
   user.dir                                                              | /var/opt/jfrog/artifactory
   user.home                                                             | /home/artifactory
   user.language                                                         | en
   user.name                                                             | artifactory
   user.timezone                                                         | GMT

 Host Info
 ========================
   Available Processors                                                  | 3
   Heap Memory Usage-Commited                                            | 536870912
   Heap Memory Usage-Init                                                | 536870912
   Heap Memory Usage-Max                                                 | 2147483648
   Heap Memory Usage-Used                                                | 219112960
   Non-Heap Memory Usage-Commited                                        | 254222336
   Non-Heap Memory Usage-Init                                            | 7667712
   Non-Heap Memory Usage-Max                                             | -1
   Non-Heap Memory Usage-Used                                            | 244369352
   os.arch                                                               | amd64
   os.name                                                               | Linux
   os.version                                                            | 4.15.0-128-generic

 Artifactory Info
 ========================
   artifactory.runMode.test                                              | false
   artifactory.runMode.qa                                                | false
   artifactory.runMode.dev                                               | false
   artifactory.runMode.devHa                                             | false
   artifactory.version                                                   | 7.19.8
   artifactory.revision                                                  | 71908900
   artifactory.buildNumber                                               | LOCAL
   artifactory.timestamp                                                 | 1167040800000
   artifactory.context.path                                              | /artifactory
   artifactory.override.context.path                                     | /artifactory
   artifactory.add.context.path                                          | true
   artifactory.access.context.path                                       | /access
   artifactory.servlet.supportUrlSessionTracking                         | false
   artifactory.addons.disabled                                           | 
   artifactory.addons.info.url                                           | http://service.jfrog.org/artifactory/addons/info/%s
   artifactory.addons.info.url                                           | http://www.jfrog.com/confluence/display/RTF/%s
   artifactory.jcr.addons.info.url                                       | http://www.jfrog.com/confluence/display/JCR/%s
   artifactory.async.corePoolSize                                        | 12
   artifactory.async.poolTtlSecs                                         | 60
   artifactory.async.poolMaxQueueSize                                    | 10000
   artifactory.versioningQueryIntervalSecs                               | 7200
   artifactory.logs.viewRefreshRateSecs                                  | 10
   artifactory.locks.timeoutSecs                                         | 120
   artifactory.locks.debugTimeouts                                       | false
   artifactory.task.pause.timeoutSecs                                    | 120
   artifactory.task.retry.wait.beforeRescheduleSecs                      | 5
   artifactory.task.completionLockTimeoutRetries                         | 100
   artifactory.repo.concurrentDownloadSyncTimeoutSecs                    | 900
   artifactory.repo.downloadStatsEnabled                                 | true
   artifactory.repo.download.saveGetResource                             | false
   artifactory.repo.global.disabled                                      | true
   artifactory.fsitem.cache.idleTimeSecs                                 | 1200
   artifactory.docker.tokens.cache.idleTimeSecs                          | 240
   artifactory.artifactory.tokens.cache.idleTimeSecs                     | 600
   artifactory.cacheFS.sync.quietPeriodSecs                              | 900
   artifactory.search.maxResults                                         | 500
   artifactory.search.userQueryLimit                                     | 1000
   artifactory.search.max.list.size                                      | 600
   artifactory.search.userSqlQueryLimit                                  | 2000
   artifactory.search.limitAnonymousUsersOnly                            | true
   artifactory.search.content.maxFragments                               | 500
   artifactory.search.content.maxFragmentsSize                           | 5000
   artifactory.search.archive.minQueryLength                             | 3
   artifactory.search.pattern.timeoutSecs                                | 30
   artifactory.search.projects.maxReposToProcess                         | 10
   artifactory.gc.trashBinariesCleanup.enabled                           | false
   artifactory.gc.trashBinariesCleanup.intervalSecs                      | 900
   artifactory.gc.trashBinariesCleanup.delaySecs                         | -1
   artifactory.gc.trashBinariesCleanup.maxQueueLength                    | 10000
   artifactory.gc.useIndex                                               | false
   artifactory.gc.intervalSecs                                           | 86400
   artifactory.gc.delaySecs                                              | 7200
   artifactory.gc.sleepBetweenNodesMillis                                | 20
   artifactory.gc.scanStartSleepingThresholdMillis                       | 20000
   artifactory.gc.scanSleepBetweenIterationsMillis                       | 200
   artifactory.gc.fileScanSleepIterationMillis                           | 1000
   artifactory.gc.fileScanSleepMillis                                    | 250
   artifactory.gc.maxCacheEntries                                        | 10000
   artifactory.gc.readersMaxTimeSecs                                     | 10800
   artifactory.gc.failCount.threshold                                    | 10
   artifactory.gc.binaries.joinWithNodes                                 | true
   artifactory.gc.numberOfWorkersThreads                                 | 3
   artifactory.gc.skipFullGcBetweenMinorIterations                       | 20
   artifactory.traffic.collectionActive                                  | false
   artifactory.traffic.v2.enabled                                        | false
   artifactory.traffic.v2.enabled.finally                                | false
   artifactory.traffic.ignore.range.header.when.calc.binary.size.for.redirect| false
   artifactory.security.authentication.cache.initSize                    | 100
   artifactory.security.authentication.cache.idleTimeSecs                | 300
   artifactory.security.ui.authentication.cache.idleTimeSecs             | 15
   artifactory.security.userLastAccessUpdatesResolutionSecs              | 5
   artifactory.security.master.key                                       | ************************
   artifactory.security.master.key.numOfFallbackKeys                     | *
   artifactory.security.disableRememberMe                                | false
   artifactory.security.rememberMe.lifetimeSecs                          | 1209600
   artifactory.security.ldap.forceGroupMemberAttFullDN                   | false
   artifactory.security.ldap.disable.group.search.attributes.limitation  | false
   artifactory.security.ldap.group.policy.cleanOnFail                    | true
   artifactory.security.ldap.group.search.filterThreshold                | 0
   artifactory.security.ldap.group.cacheRetentionSecs                    | 300
   artifactory.ldap.max.page.size                                        | 1000
   artifactory.ldap.paging.support                                       | true
   artifactory.ldap.disable.paging.support.period.minutes                | 10
   artifactory.enable.aql.read.committed                                 | false
   artifactory.enable.aql.remote                                         | true
   artifactory.aql.transitive.remote.repos.limit                         | 5
   artifactory.aql.transitive.collect.stats.enabled                      | true
   artifactory.aql.transitive.collect.stats.cache.size                   | 5000
   artifactory.mvn.central.hostPattern                                   | .maven.org
   artifactory.mvn.central.indexerMaxQueryIntervalSecs                   | 86400
   artifactory.mvn.metadata.plugin.calculation.workers                   | 2
   artifactory.mvn.metadata.calculation.workers                          | 8
   artifactory.mvn.dynamicMetadata.cacheRetentionSecs                    | 10
   artifactory.mvn.metadata.version3.enabled                             | true
   artifactory.mvn.custom.types                                          | tar.gz,tar.bz2
   artifactory.request.disableVersionTokens                              | false
   artifactory.request.searchLatestReleaseByDateCreated                  | false
   artifactory.npm.tag.tagLatestByPublish                                | false
   artifactory.npm.repositories.download.priority.resolution             | true
   artifactory.build.maxFoldersToScanForDeletionWarnings                 | 2
   artifactory.build.checksum.cache.idleTimeSecs                         | 300
   artifactory.updates.refreshIntervalSecs                               | 14400
   artifactory.updates.url                                               | http://service.jfrog.org/artifactory/updates
   artifactory.artifactoryRequestsToGlobalCanRetrieveRemoteArtifacts     | false
   artifactory.ui.syntaxColoringMaxTextSizeBytes                         | 512000
   artifactory.plugin.scripts.refreshIntervalSecs                        | 0
   artifactory.aol.skip.skipable.converters                              | false
   artifactory.plugin.aol.support                                        | false
   artifactory.aol.dedicated.server                                      | false
   artifactory.aol.displayAccountManagementLink                          | true
   artifactory.aol.security.http.sso.enable                              | false
   artifactory.aol.security.anon.access.enable                           | false
   artifactory.aol.indexer.enable                                        | false
   artifactory.aol.docker.skip.creating.dns.record                       | false
   artifactory.ui.session.timeout.minutes                                | 30
   artifactory.file.roller.maxFileToRetain                               | 10
   artifactory.backup.fileExportSleepIterationMillis                     | 2000
   artifactory.backup.fileExportSleepMillis                              | 250
   artifactory.s3.existsCheckAfterAddingStream                           | true
   artifactory.binary.provider.artifacts.existence.cache.expirySecs      | 60
   artifactory.binary.provider.artifacts.existence.cache.size            | 20000
   artifactory.http.acceptEncoding.gzip                                  | true
   artifactory.http.useExpectContinue                                    | false
   artifactory.http.forceForbiddenResponse                               | false
   artifactory.http.connectionPool.timeToLive                            | 30
   artifactory.http.enableCookieManagement                               | false
   artifactory.filtering.resourceSizeKb                                  | 64
   artifactory.repo.remote.checkForExistingResourceOnRequest             | true
   artifactory.version.query.enabled                                     | true
   artifactory.response.disableContentDispositionFilename                | false
   artifactory.composer.metadata.extractor.workers                       | 20
   artifactory.composer.metadata.index.workers                           | 10
   artifactory.chef.metadata.index.workers                               | 10
   artifactory.yum.virtual.metadata.calculation.workers                  | 5
   artifactory.rpm.metadata.calculation.workers                          | 8
   artifactory.rpm.metadata.history.cycles.to.keep                       | 3
   artifactory.rpm.metadata.require.logic.enabled                        | true
   artifactory.debian.metadata.queue                                     | 
   artifactory.debian.metadata.calculation.workers                       | 8
   artifactory.debian.metadata.auto.calculation.disabled                 | false
   artifactory.debian.coordinates.calculation.workers                    | 4
   artifactory.debian.virtual.metadata.calculation.workers               | 5
   artifactory.debian.remote.etag                                        | true
   artifactory.debian.metadata.validation                                | true
   artifactory.debian.metadata.calculateMd5InPackagesFiles               | false
   artifactory.debian.use.acquire.byhash                                 | true
   artifactory.debian.packages.byhash.history.cycles.to.Keep             | 3
   artifactory.debian.release.extended.label                             | false
   artifactory.archive.licenseFile.names                                 | license,LICENSE,license.txt,LICENSE.txt,LICENSE.TXT
   artifactory.ui.search.maxRowsPerPage                                  | 20
   artifactory.ui.search.artifacts.caseInsensitive                       | true
   artifactory.replication.checksumDeploy.minSizeKb                      | 10
   artifactory.replication.consumer.queueSize                            | 1
   artifactory.replication.local.iteration.sleepThresholdMillis          | 1000
   artifactory.replication.local.iteration.sleepMillis                   | 100
   artifactory.replication.event.queue.size                              | 50000
   artifactory.replication.properties.max.length                         | 100000
   artifactory.replication.statistics.max.length                         | 5000
   artifactory.replication.initContext.task.intervalSecs                 | 60
   artifactory.replication.initContext.task.initialDelaySecs             | 5
   artifactory.replication.push.fullTree.saveLocally                     | true
   artifactory.replication.push.fullTree.saveLocally.free.disk.threshold.bytes| 100000000
   artifactory.replication.push.caseDifference.support                   | false
   artifactory.request.explodedArchiveExtensions                         | zip,tar,tar.gz,tgz,7z,tar.bz2
   artifactory.bintray.jcenter.url                                       | http://jcenter.bintray.com
   artifactory.jcr.xray.demo.enabled                                     | false
   artifactory.bintray.url                                               | https://bintray.com
   artifactory.bintray.api.url                                           | https://api.bintray.com
   artifactory.bintray.token.expirySecs                                  | 3600
   artifactory.bintray.distributionRegex.timeoutMillis                   | 180000
   artifactory.bintray.ui.hideUploads                                    | false
   artifactory.bintray.ui.hideInfo                                       | false
   artifactory.bintray.ui.hideRemoteSearch                               | false
   artifactory.bintray.client.threadPool.size                            | 5
   artifactory.enable.ui.pages.in.Iframe                                 | false
   artifactory.bintray.client.requestTimeoutMS                           | 150000
   artifactory.bintray.client.distribution.requestTimeoutMS              | 30000
   artifactory.bintray.client.signRequestTimeoutMS                       | 45000
   artifactory.useUserNameAutoCompleteOnLogin                            | on
   artifactory.ui.hideEncryptedPassword                                  | *****
   artifactory.stats.flushIntervalSecs                                   | 30
   artifactory.stats.remote.flushIntervalSecs                            | 35
   artifactory.stats.flushTimeoutSecs                                    | 120
   artifactory.integrationCleanup.intervalSecs                           | 300
   artifactory.integrationCleanup.quietPeriodSecs                        | 60
   artifactory.folderPruning.intervalSecs                                | 300
   artifactory.folderPruning.quietPeriodSecs                             | 60
   artifactory.repo.virtualCacheCleanup.maxAgeHours                      | 168
   artifactory.repo.virtualCacheCleanup.pattern                          | *.pom
   artifactory.security.authentication.password.salt                     | ****************
   artifactory.db.idGenerator.fetch.amount                               | 2000
   artifactory.db.idGenerator.max.update.retries                         | 50
   artifactory.gems.localIndexTaskIntervalSecs                           | 30
   artifactory.gems.virtualIndexTaskIntervalSecs                         | 300
   artifactory.gems.remoteAllowCacheDependencies                         | true
   artifactory.gems.gemsIndexTaskQueueLimit                              | 20000
   artifactory.gems.gemsAfterRepoInitHack                                | true
   artifactory.gems.number.of.split.iterations                           | 1
   artifactory.gems.compact.index.enabled                                | false
   artifactory.gems.compact.index.workers                                | 5
   artifactory.gems.compact.etag.stash.size                              | 5000
   artifactory.gems.compact.etag.cache.size                              | 20000
   artifactory.gems.compact.etag.cache.eviction.time.minutes             | 15
   artifactory.gems.compact.packages.cache.size                          | 100000
   artifactory.gems.compact.packages.cache.eviction.time.minutes         | 15
   artifactory.jruby.runtime.localContextMode                            | CONCURRENT
   artifactory.security.authentication.crowd.group.startIndex            | 0
   artifactory.security.authentication.crowd.group.maxResults            | 9999
   artifactory.ui.hideChecksums                                          | true
   artifactory.airgap.recovery.intervalSecs                              | 300
   artifactory.releasebundle.close.transaction.retries                   | 3
   artifactory.releasebundle.close.transaction.retries.waiting.millis    | 1000
   artifactory.releasebundle.close.transaction.with.bulk.operations      | true
   artifactory.archive.indexer.intervalSecs                              | 60
   artifactory.xray.indexer.intervalSecs                                 | 60
   artifactory.xray.client.token.authentication.support                  | true
   artifactory.xray.client.token.expiry.minutes                          | 1440
   artifactory.xray.client.block.cache.expiration.intervalSecs           | 300
   artifactory.xray.client.block.unscanned.cache.expiration.intervalSecs | 120
   artifactory.xray.event.job.read.limit                                 | 10000
   artifactory.xray.client.block.cache.size                              | 100000
   artifactory.xray.client.heartbeat.intervalSecs                        | 5
   artifactory.xray.client.repositories.policies.update.intervalSecs     | 20
   artifactory.xray.client.repositories.policies.update.quietPeriodSecs  | 5
   artifactory.xray.client.max.connections                               | 50
   artifactory.xray.client.connection.timeout.millis                     | 5000
   artifactory.xray.client.builds.socket.timeout.millis                  | 600000
   artifactory.xray.client.normal.socket.timeout.millis                  | 25000
   artifactory.xray.cleanup.job.quietPeriodSecs                          | 60
   artifactory.xray.cleanup.job.db.query.limit                           | 100
   artifactory.xray.cleanup.job.batch.size                               | 100
   artifactory.xray.cleanup.job.sleep.interval.millis                    | 0
   artifactory.xray.block.unscanned.recheck.intervalSecs                 | 20
   artifactory.nuget.inMemoryRemoteCaches                                | true
   artifactory.nuget.forceAuthentication                                 | false
   artifactory.nuget.allowRootGetWithAnon                                | false
   artifactory.nuget.disableSemVer2SearchFilterForLocalRepos             | false
   artifactory.nuget.disableSemverComparator                             | false
   artifactory.nuget.ignoreIsLatestVersionFilter                         | true
   artifactory.nuget.xstream.reusage.for.remote.metadata.enabled         | true
   artifactory.nuget.allowV3Download                                     | true
   artifactory.ha.orphan.cluster.singleton.lock.period.minutes           | 30
   artifactory.ha.heartbeat.intervalSecs                                 | 5
   artifactory.ha.heartbeat.staleSecs                                    | 30
   artifactory.ha.heartbeat.stale.server.cleanup.periodMinutes           | 180
   artifactory.ha.heartbeat.network.timeout                              | 10
   artifactory.ha.propagation.http.socketTimeoutMs                       | 15000
   artifactory.ha.propagation.http.connectionTimeoutMs                   | 5000
   artifactory.ha.propagation.http.maxTotalConnections                   | 150
   artifactory.ha.propagation.CallTimeoutSecs                            | 30
   artifactory.binary.store.error.notification.intervalSecs              | 30
   artifactory.binary.store.error.notification.staleSecs                 | 30
   artifactory.ha.membersIntroduction.intervalSecs                       | 30
   artifactory.ha.membersIntroduction.staleSecs                          | 30
   artifactory.npm.remote.metadata.content.validation                    | true
   artifactory.npm.remote.metadata.json.accept.header                    | true
   artifactory.npm.alternative.download.enabled                          | false
   artifactory.npm.use.cache.on.remote.repo.fail.enabled                 | false
   artifactory.npm.default.audit.provider                                | https://registry.npmjs.org
   artifactory.npm.minimal.xray.audit.support                            | 2.8.0
   artifactory.npm.virtual.cache.item.ttl.seconds                        | 600
   artifactory.npm.virtual.cache.cleanup.batch.size                      | 1000
   artifactory.npm.semver4j.enabled                                      | true
   artifactory.npm.external.versioning.enabled                           | false
   artifactory.npm.github.packages.url                                   | https://npm.pkg.github.com/
   artifactory.import.max.parallelRepos                                  | 2
   artifactory.debian.distribution.path                                  | dists
   artifactory.opkg.metadata.calculation.workers                         | 5
   artifactory.debian.default.architectures                              | i386,amd64
   artifactory.pypi.index.quietPeriodSecs                                | 60
   artifactory.pypi.index.sleepMilliSecs                                 | 60
   artifactory.pypi.index.preferMetadataOnRootDepth                      | true
   artifactory.pypi.preferLatestVersionSearch                            | true
   artifactory.eventually.persisted.task.manager.jobSecs                 | 600
   artifactory.docker.filter.catalog.by.user.permission                  | false
   artifactory.docker.cleanup.maxAgeMillis                               | 86400000
   artifactory.docker.cleanup.uploadsTmpFolderJobSecs                    | 86400
   artifactory.docker.cleanup.tmpFolder.maxSearchResult                  | 5000
   artifactory.docker.tags.cleanup.intervalSecs                          | 300
   artifactory.docker.tags.cleanup.quietPeriodSecs                       | 60
   artifactory.docker.tags.orphan.layer.cleanup.intervalSecs             | 90
   artifactory.docker.tags.orphan.layer.cleanup.quietPeriodSecs          | 300
   artifactory.docker.manifest.marker.lock.timeoutMillis                 | 30000
   artifactory.docker.indexNumOfWorkerThreads                            | 5
   artifactory.docker.pull.v1.schema.by.digest.enabled                   | false
   artifactory.docker.cache.remote.repo.tags.and.catalog                 | 
   artifactory.docker.search.manifest.by.digest.and.tag.enabled          | false
   artifactory.oci.accepted.user.agents.list                             | 
   artifactory.http.range.support                                        | true
   artifactory.acl.dirty.read.timeout                                    | 20000
   artifactory.acl.version.cache.async.reload                            | false
   artifactory.acl.version.cache.async.waiting.time.millis               | 60000
   artifactory.acl.version.cache.async.waiting.on.error.time.millis      | 60000
   artifactory.acl.minimum.wait.refresh.data.seconds                     | 30
   artifactory.central.config.validation                                 | true
   artifactory.central.config.dirty.read.timeout.millis                  | 2000
   artifactory.central.config.latest.revisions.expire.after.access.seconds| 21600
   artifactory.central.config.latest.revisions.dictionary.size           | 20
   artifactory.central.config.save.number.of.retries                     | 5
   artifactory.central.config.save.backoff.max.delay                     | 8000
   artifactory.central.config.save.backoff.multiplier                    | 2
   artifactory.repositories.dirty.read.timeout.millis                    | 5000
   artifactory.repo.http.idleConnectionMonitorInterval                   | 10
   artifactory.repo.http.disableIdleConnectionMonitoring                 | false
   artifactory.support.core.bundle.contentCollectionAwaitTimeout         | 60
   artifactory.support.core.bundle.waitForSlotBeforeWithdraw             | 600
   artifactory.support.core.bundle.maxBundles                            | 5
   artifactory.support.bundle.retrieval.token.expiry.minutes             | 5
   artifactory.binary.provider.zones                                     | a,b,c
   artifactory.binary.provider.prune.chunk.size                          | 500
   artifactory.properties.search.chunk.size                              | 500
   artifactory.exists.repo.chunk.size                                    | 500
   artifactory.security.useFrontCacheForBlockedUsers                     | true
   artifactory.security.loginBlockDelay                                  | 1000
   artifactory.security.maxLoginBlockDelay                               | 60000
   artifactory.security.max.incorrect.login.attempts                     | 2
   artifactory.security.max.users.toTrack                                | 10000
   artifactory.security.password.expiry.passwordExpireNotificationJobIntervalSecs| *****
   artifactory.security.password.expiry.passwordExpireJobIntervalSecs    | *****
   artifactory.security.password.expiry.daysToNotifyBefore               | *
   artifactory.http.client.max.total.connections                         | 50
   artifactory.http.client.max.connections.per.route                     | 50
   artifactory.http.client.max.docker.token.connections                  | 2
   artifactory.hazelcast.max.lock.lease.time.minutes                     | 30
   artifactory.repo.remote.blockedMismatchingMimeTypes                   | text/html,application/xhtml+xml
   artifactory.mvn.metadata.calculation.skip.delete.event                | false
   artifactory.repo.remote.browsing.content.length.limit.KB              | 1024
   artifactory.repo.browsing.content.security.policy                     | sandbox
   artifactory.repo.remote.syncProperties.blacklistUrls                  | 
   artifactory.remote.repo.url.strict.policy                             | true
   artifactory.remote.repo.url.verifier.cache.expirySecs                 | 300
   artifactory.remote.repo.url.verifier.cache.size                       | 200
   artifactory.sumologic.api.url                                         | https://auth.sumologic.com
   artifactory.move.copy.max.folder.cache.size                           | 1000000
   artifactory.move.copy.default.transaction.size                        | 1000
   artifactory.node.properties.replace.all                               | false
   artifactory.node.properties.log.performance                           | false
   artifactory.workQueue.execution.syncExecutionTimeoutMillis            | 120000
   artifactory.workQueue.dojob.enabled                                   | true
   artifactory.workQueue.dojob.intervalSecs                              | 5
   artifactory.workitem.max.lock.lease.time.minutes                      | 30
   artifactory.persistentQueue.repo.min.event.expire.sec                 | 3600
   artifactory.persistentQueue.max.lock.lease.time.minutes               | 1
   artifactory.persistentQueue.check.trigger.sec                         | 3600
   artifactory.persistentQueue.errors.check.trigger.sec                  | 30
   artifactory.persistentQueue.trigger.number.of.threads                 | 10
   artifactory.ha.messages.workers                                       | 10
   artifactory.airgap.workers                                            | 5
   artifactory.db.operations.bulk.size                                   | 500
   artifactory.async.delete.item.workers                                 | 5
   artifactory.security.communication.constant                           | ArtifactorySecurityCommunicationConstant
   artifactory.nuget.disablePermissionCheck                              | false
   artifactory.treebrowser.sortRepositories.sortByType                   | virtual,distribution,local,remote,cached
   artifactory.treebrowser.folder.compact                                | true
   artifactory.maven.metadata.publishModelVersion                        | true
   artifactory.access.token.expiresIn.default                            | 3600
   artifactory.access.token.non.admin.max.expires.in                     | 3600
   artifactory.access.token.file.limitedForAnonymous                     | true
   artifactory.access.token.file.non.admin.max.expires.in                | 10800
   artifactory.access.client.token.verify.result.cache.size              | -1
   artifactory.access.client.token.verify.result.cache.expiry            | -1
   artifactory.access.client.waitForServer                               | 90
   artifactory.access.client.max.connections                             | 50
   artifactory.access.client.connection.timeout                          | -1
   artifactory.access.client.socket.timeout                              | -1
   artifactory.access.client.force.rest                                  | false
   artifactory.access.client.force.grpc                                  | false
   artifactory.access.client.startup.ping.retries                        | 90
   artifactory.access.grpc.client.keepalive.timeoutMillis                | 15000
   artifactory.access.grpc.client.resubscribe.delayMillis                | 5000
   artifactory.access.client.projects.config.cache.expirySecs            | 86400
   artifactory.access.client.projects.config.cache.size                  | 50000
   artifactory.metadata.client.max.connections                           | 50
   artifactory.metadata.client.connection.timeout                        | 10000
   artifactory.metadata.client.socket.timeout                            | 300000
   artifactory.metadata.client.serverUrl.override                        | http://localhost:8086
   artifactory.metadata.event.operator.threads                           | 5
   artifactory.metadata.event.operator.dispatcher.interval.secs          | 60
   artifactory.metadata.event.unstable.margin.secs                       | 60
   artifactory.metadata.native.ui                                        | true
   artifactory.metadata.server.events.persistence                        | distributed
   artifactory.metadata.server.max.files.to.write.per.version            | 1000
   artifactory.security.active.principal.token.ttl                       | 600
   artifactory.security.active.principal.token.ttl                       | 10000
   artifactory.saml.requests.ids.cache.size                              | 3000
   artifactory.saml.inResponseTo.validation.enable                       | false
   artifactory.puppet.metadata.calculation.workers                       | 5
   artifactory.puppet.repo.metadata.calculation.workers                  | 5
   artifactory.puppet.reindex.period                                     | 1800
   artifactory.puppet.additional.modulegroup                             | 
   artifactory.puppet.additional.endorsement                             | 
   artifactory.onboarding.skipWizard                                     | false
   artifactory.configuration.manager.retry.amount                        | 3
   artifactory.configuration.manager.quiet.period                        | 20000
   artifactory.configuration.manager.blocking.time                       | 60000
   artifactory.aggregation.time.window.secs                              | 60
   artifactory.most.downloaded.cache.idleTimeSecs                        | 900
   artifactory.replication.eventBased.connection.maxDelay                | 1800000
   artifactory.replications.eventbased.workers                           | 8
   artifactory.replication.eventbased.maxQueueItems                      | 500
   artifactory.replication.eventbased.maxPullReplicationsPerRepo         | 30
   artifactory.replication.eventbased.maxPullReplicationInboundEventsPerRepo| 10000
   artifactory.replication.eventbased.pullInboundUseSimpleExecutor       | false
   artifactory.replication.eventbased.pullDispatcher.timeMillis          | 1511
   artifactory.ha.replication.max.pool.size                              | 16
   artifactory.build.retention.enabled                                   | true
   artifactory.build.retention.workers                                   | 10
   artifactory.build.retention.always.async                              | false
   artifactory.build.info.migration.job.enabled                          | true
   artifactory.build.info.migration.job.queue.workers                    | 2
   artifactory.build.info.migration.fix.properties                       | false
   artifactory.build.ui.skip.delete.permission.check                     | false
   artifactory.locking.provider.type                                     | db
   artifactory.db.lock.cleanup.job.interval                              | 120
   artifactory.db.lock.cleanup.job.stale.interval                        | 120
   artifactory.db.mssql.property.value.max.size                          | 900
   artifactory.db.postgres.property.value.max.size                       | 2400
   artifactory.db.lock.conditional.insert.enabled                        | true
   artifactory.db.lock.max.wait.ms                                       | 2048
   artifactory.db.lock.initial.wait.ms                                   | 8
   artifactory.db.lock.max.retry.deletions                               | 3
   artifactory.db.lock.initial.unlock.wait.ms                            | 4
   artifactory.migration.job.waitForCluster.sleepIntervalMillis          | 300000
   artifactory.migration.job.dbQueryLimit                                | 100
   artifactory.migration.job.batchSize                                   | 10
   artifactory.migration.job.sleepIntervalMillis                         | 5000
   artifactory.sha2.migration.job.queue.workers                          | 2
   artifactory.sha2.migration.job.enabled                                | false
   artifactory.pathChecksum.migration.job.enabled                        | false
   artifactory.pathChecksum.migration.job.queue.workers                  | 2
   artifactory.upload.failOnChecksumValidationError                      | false
   artifactory.remote.download.inVain.consume.limit.inMegaBytes          | 1
   artifactory.remote.fetching.list.maximum.iteration                    | 3
   artifactory.service.name                                              | https://localhost:8080/artifactory/webapp/
   artifactory.helm.metadata.calculation.workers                         | 5
   artifactory.helm.virtual.metadata.calculation.workers                 | 5
   artifactory.helm.virtual.index.useApi                                 | true
   artifactory.helm.index.queue.max.items                                | 100
   artifactory.alpine.metadata.calculation.workers                       | 5
   artifactory.alpine.virtual.metadata.calculation.workers               | 5
   artifactory.cargo.metadata.calculation.workers                        | 5
   artifactory.cargo.index.queue.max.items                               | 100
   artifactory.cargo.timeout.gitServlet.init.millis                      | 30000
   artifactory.cran.metadata.calculation.workers                         | 5
   artifactory.conan.metadata.calculation.workers                        | 5
   artifactory.conan.index.timestamp.override.threshold.millis           | 60000
   artifactory.conan.v2.migration.job.enabled                            | true
   artifactory.conan.v2.migration.job.queue.workers                      | 2
   artifactory.git.repositories.workers                                  | 5
   artifactory.sql.converter.allowExternalConversionScripts              | false
   artifactory.database.converters.skip                                  | false
   artifactory.master.key.waiting.timeout.millis                         | *****
   artifactory.join.key.waiting.timeout.millis                           | *****
   artifactory.bootstrap.logger.debug                                    | false
   artifactory.enable.context.aware.logger                               | false
   artifactory.send.overwrites.to.trashcan                               | true
   artifactory.trashcan.max.search.results                               | 10000
   artifactory.enable.replicator.use                                     | true
   artifactory.start.local.replicator                                    | false
   artifactory.min.replicator.use.filesize.in.bytes                      | 8000000
   artifactory.block.on.conversion.cache.timeout.in.millis               | 0
   artifactory.node.events.enabled                                       | true
   artifactory.node.events.metrics.enabled                               | true
   artifactory.node.events.max.time                                      | 31536000000
   artifactory.jobs.table.ttl.millis                                     | 604800000
   artifactory.jobs.table.fetch.limit                                    | 10000
   artifactory.replication.full.useEventLog                              | false
   artifactory.replication.full.eventlog.commit.durationMillis           | 5000
   artifactory.replication.full.eventlog.forceSuccessfulFullTree         | false
   artifactory.replication.errorQueue.maxErrors                          | 100
   artifactory.replication.errorQueue.enabled                            | false
   artifactory.replication.errorQueue.retryCount                         | 10
   artifactory.releasebundle.cleanup.intervalSecs                        | 3600
   artifactory.releasebundle.distribute.streaming.intervalSecs           | 15
   artifactory.local.port.for.replicator                                 | 8081
   artifactory.package.native.ui.results                                 | 1000
   artifactory.package.native.ui.include.total.downloads                 | true
   artifactory.package.native.ui.search.by.path                          | false
   artifactory.http.sso.create.session.ui.request.only                   | true
   artifactory.s3.autoBucketCreation.skip                                | false
   artifactory.global.message.cache.ageSecs                              | 10
   artifactory.apply.local.repos.permissions.on.remote.repos             | true
   artifactory.apply.remote.repos.permissions.on.local.repos             | true
   artifactory.ui.continue.paging.limit                                  | 500
   artifactory.conda.metadata.calculation.workers                        | 5
   artifactory.npm.metadata.calculation.workers                          | 10
   artifactory.npm.reindex.metadata.calculation.workers                  | 10
   artifactory.go.github.useRaw                                          | false
   artifactory.go.pathFallback.allow                                     | false
   artifactory.go.sumdb.enabled                                          | true
   artifactory.go.latest.version.support                                 | true
   artifactory.go.skip.github.get.import.path.request                    | true
   artifactory.native.ui.search.max.time.millis                          | 60000
   artifactory.access.admin.default.password.check.period.millis         | *****
   artifactory.signed.url.cdn.validForSecs                               | 30
   artifactory.signed.url.validForSecs                                   | 86400
   artifactory.signed.url.ui.download.valid.for.secs                     | 300
   artifactory.should.include.native.prop.keys                           | ****
   artifactory.replication.skip.check.localgenerated                     | false
   artifactory.docker.catalogs.tags.fallback.fetch.remote.cache          | false
   artifactory.sql.server.query.builder.force.add.offset.to.query        | false
   artifactory.support.bundles.retention.count                           | 15
   artifactory.max.artifacts.permission.test.on.checksum.deploy          | 10
   artifactory.ignore.checksum.deploy.permission.check                   | false
   artifactory.enforce.permission.check.on.identical.checksum.deploy     | false
   artifactory.list.of.repos.allowed.send.redirect.url                   | 
   artifactory.cloud.binary.provider.redirect.threshold.in.bytes         | 204800
   artifactory.internal.request.disable.method.delegation                | false
   artifactory.is.add.user.name.to.sign.url.for.redirect                 | false
   artifactory.list.of.repos.hosts.need.to.avoid.url.normalisation       | mcr.microsoft.com, pkgs.dev.azure.com, nuget.pkg.github.com, promitor.azurecr.io
   artifactory.cipher.black.list                                         | 
   artifactory.key.exchange.black.list                                   | 
   artifactory.ssh.mac.black.list                                        | 
   artifactory.ssh.signature.black.list                                  | 
   artifactory.ssh.cipher.algorithms                                     | 
   artifactory.ssh.key.exchange.algorithms                               | 
   artifactory.ssh.mac.algorithms                                        | 
   artifactory.ssh.signature.algorithms                                  | 
   artifactory.max.release.bundle.size.to.display                        | 3000
   artifactory.events.log.cleanup.task.period.hours                      | 13
   artifactory.events.log.cleanup.age.of.entries.to.discard.days         | 60
   artifactory.replication.events.fetch.batch.limit                      | 1000
   artifactory.events.log.cleanup.interval.hours                         | 4
   artifactory.events.log.cleanup.iteration.sleep.time.millis            | 10
   artifactory.shutdown.on.invalid.db.scheme                             | false
   artifactory.update.storage.status.enabled                             | false
   artifactory.update.storage.status.cron                                | 0 0/15 * ? * *
   artifactory.storage.usage.sync.max.retries.until.flush                | 15
   artifactory.storage.usage.save.number.of.retries                      | 5
   artifactory.storage.usage.save.backoff.max.delay                      | 8000
   artifactory.storage.usage.save.backoff.multiplier                     | 2
   artifactory.projects.storage.quota.enabled                            | true
   artifactory.projects.storage.quota.error.tolerance.percentage         | 1
   artifactory.projects.storage.quota.notification.threshold.hardLimit.percentage| 75
   artifactory.projects.storage.quota.notification.job.interval.minutes  | 60
   artifactory.projects.storage.quota.notification.job.initial.delay.minutes| 10
   artifactory.projects.storage.quota.notification.period                | 720
   artifactory.allow.insecure.templates                                  | false
   artifactory.docker.blobs.caches.enabled                               | true
   artifactory.docker.blobs.cache.stat.print.interval.millis             | 300000
   artifactory.docker.verify.blob.checksum.before.caching                | false
   artifactory.security.authentication.skip.artifactory.redirect         | false
   artifactory.system.import.enabled                                     | true
   artifactory.repository.import.enabled                                 | true
   artifactory.allow.export.import.insecure.paths                        | false
   artifactory.ha.affinity.task.fallback                                 | false
   artifactory.ha.task.affinity.enabled                                  | true
   artifactory.oauth.redirect.prefer.custom.base.url                     | true
   artifactory.default.pipelines.repo.key                                | **************
   artifactory.event.client.timeout.seconds                              | 60
   artifactory.jf.event.max.workers                                      | 60
   artifactory.use.repo.path.on.remote.offline                           | true
   artifactory.metrics.enabled                                           | false
   artifactory.exclude.artifacts.from.metadata                           | false
   artifactory.exclude.artifacts.from.metadata.cache.size                | 20000
   artifactory.exclude.artifacts.from.metadata.cache.eviction.time       | 15
   artifactory.include.md5.into.etag.check                               | false
   artifactory.security.api.plus.insteadof.space                         | true
   artifactory.sync.resources.with.access.job.interval                   | 900000
   artifactory.validate.lowercase.username.on.group.association          | false
   artifactory.builds.db.force.override.enabled                          | false
   artifactory.shift.events.try.lock.timeout.ms                          | 120000
   artifactory.shift.events.periodic.ms                                  | 30000
   artifactory.shift.events.sql.limit                                    | 1000
   artifactory.node.events.event.id.migration.margin                     | 1000000
   artifactory.federated.repo.heartbeat.interval.sec                     | 10
   artifactory.federated.repo.heartbeat.initial.delay.sec                | 5
   artifactory.federated.repo.heartbeat.stale.sec                        | 600
   artifactory.federated.repo.max.total.http.connections                 | 500
   artifactory.federated.repo.full.sync.enabled                          | true
   artifactory.federated.repo.remote.validate.timeout.sec                | 60
   artifactory.federated.repo.cleanup.deleted.interval.hours             | 24
   artifactory.replication.full.sync.max.threads                         | 5
   artifactory.replication.full.sync.log.progress.interval               | 1000
   artifactory.event.log.work.queue.number.of.threads                    | 10
   artifactory.block.redirects.to.local.resources                        | false
   artifactory.http.repo.hosts.cache.eviction.time.minutes               | 1440

2021-06-20T23:37:02.718Z [jfrt ] [INFO ] [71f1ef274e919453] [o.a.s.a.AccessServiceImpl:523 ] [art-init            ] - Initialized new service id: jfrt@01f8nwhqzx1mr613fq7fnd0yns
2021-06-20T23:37:02.745Z [jfrt ] [INFO ] [71f1ef274e919453] [oryAccessClientConfigStore:528] [art-init            ] - Using Access Server URL: http://localhost:8046/access source: System Config
2021-06-20T23:37:03.152Z [jfrt ] [INFO ] [71f1ef274e919453] [.a.c.AccessClientBootstrap:152] [art-init            ] - Cluster join: Executing join on 'http://localhost:8046/access'
2021-06-20T23:37:03.291Z [jfrt ] [INFO ] [71f1ef274e919453] [.a.c.AccessClientBootstrap:162] [art-init            ] - Cluster join: Successfully joined the cluster
2021-06-20T23:37:04.458Z [jfrt ] [INFO ] [71f1ef274e919453] [o.a.s.a.AccessServiceImpl:454 ] [art-init            ] - Initialized access service successfully with client id 1153512416, closing old client id [null]
2021-06-20T23:37:04.458Z [jfrt ] [INFO ] [71f1ef274e919453] [o.a.s.a.AccessServiceImpl:1364] [art-init            ] - Updating access configuration with password expiration data
2021-06-20T23:37:04.554Z [jfrt ] [INFO ] [                ] [o.j.c.ConfigWrapperImpl:342   ] [pool-13-thread-1    ] - [Node ID: f19ef6f0485f]  detected local  modify for config 'artifactory/config/artifactory.system.properties'
2021-06-20T23:37:04.557Z [jfrt ] [INFO ] [                ] [o.j.c.ConfigWrapperImpl:342   ] [pool-14-thread-1    ] - [Node ID: f19ef6f0485f]  detected local  modify for config 'artifactory/config/mimetypes.xml'
2021-06-20T23:37:04.564Z [jfrt ] [INFO ] [                ] [o.j.c.ConfigWrapperImpl:342   ] [pool-15-thread-1    ] - [Node ID: f19ef6f0485f]  detected local  modify for config 'artifactory/config/binarystore.xml'
2021-06-20T23:37:05.232Z [jfrt ] [WARN ] [71f1ef274e919453] [o.a.s.a.AccessServiceImpl:1625] [art-init            ] - Your Artifactory server is configured with the default admin credentials. It is highly recommended to change the default admin password. You can change the password from the User Management page.
2021-06-20T23:37:05.359Z [jfrt ] [INFO ] [71f1ef274e919453] [o.a.s.SecurityServiceImpl:3189] [art-init            ] - Creating the default anonymous user, since it does not exist!
2021-06-20T23:37:06.831Z [jfrt ] [INFO ] [71f1ef274e919453] [tegrationCleanupServiceImpl:75] [art-init            ] - Using generated cron 0 38 0 ? * * for jobs table cleanup
2021-06-20T23:37:07.065Z [jfrt ] [INFO ] [71f1ef274e919453] [.c.r.ReplicatorServiceImpl:119] [art-init            ] - initializing Replicator Service
2021-06-20T23:37:07.066Z [jfrt ] [INFO ] [71f1ef274e919453] [.c.r.ReplicatorServiceImpl:338] [art-init            ] - Local Replicator is setting up in non-bundled mode
2021-06-20T23:37:07.154Z [jfrt ] [WARN ] [71f1ef274e919453] [c.z.h.u.DriverDataSource:70   ] [art-init            ] - Registered driver with driverClassName=org.apache.derby.jdbc.EmbeddedDriver was not found, trying direct instantiation.
2021-06-20T23:37:07.580Z [jfrt ] [INFO ] [71f1ef274e919453] [c.CentralConfigServiceImpl:721] [art-init            ] - Reloading configuration... old revision 0, new revision 1
2021-06-20T23:37:07.638Z [jfrt ] [INFO ] [71f1ef274e919453] [c.CentralConfigServiceImpl:403] [art-init            ] - Force updating new descriptor (old descriptor doesn't support diff). Old descriptor revision 0
2021-06-20T23:37:07.647Z [jfrt ] [INFO ] [71f1ef274e919453] [c.CentralConfigServiceImpl:426] [art-init            ] - New configuration with revision 1 saved.
2021-06-20T23:37:07.647Z [jfrt ] [INFO ] [71f1ef274e919453] [ifactoryApplicationContext:560] [art-init            ] - Artifactory application context set to NOT READY by reload
2021-06-20T23:37:07.727Z [jfrt ] [INFO ] [71f1ef274e919453] [askServiceDescriptorHandler:52] [art-init            ] - No Replication configured. Replication is disabled.
2021-06-20T23:37:07.762Z [jfrt ] [INFO ] [71f1ef274e919453] [ifactoryApplicationContext:560] [art-init            ] - Artifactory application context set to READY by reload
2021-06-20T23:37:07.776Z [jfrt ] [INFO ] [71f1ef274e919453] [c.CentralConfigServiceImpl:739] [art-init            ] - Configuration reloaded.
2021-06-20T23:37:07.798Z [jfrt ] [INFO ] [71f1ef274e919453] [ifactoryApplicationContext:560] [art-init            ] - Artifactory application context set to READY by refresh
2021-06-20T23:37:07.831Z [jfrt ] [INFO ] [71f1ef274e919453] [.s.MetadataMigrationHelper:203] [art-init            ] - No repositories found that correspond to the supported Metadata Migration types. Supported types are [Pypi, CocoaPods, Debian, Opkg, Gradle, CRAN, Helm, Composer, SBT, Bower, Gems, Conan, Ivy, Cargo, Alpine, YUM, Npm, Maven, NuGet, Vagrant, Puppet, Chef, Go, Conda, Docker]
2021-06-20T23:37:07.850Z [jfrt ] [INFO ] [71f1ef274e919453] [.s.MetadataMigrationHelper:213] [art-init            ] - Inserting completed migration status for 'metadata-service-migration'
2021-06-20T23:37:07.867Z [jfrt ] [INFO ] [b1b925e524b11595] [adsFolderCleanupServiceImpl:52] [art-exec-8          ] - Starting docker temp folder cleanup
2021-06-20T23:37:07.852Z [jfrt ] [INFO ] [71f1ef274e919453] [ionStatusStorageServiceImpl:78] [art-init            ] - About to insert new migration status record 'MigrationStatus(identifier=metadata-service-migration, started=1624232227851, finished=1624232227851, migrationInfoBlob=MetadataMigrationInfoBlob(migrationTargetNodeId=0, currentEventLogTimestamp=0, reposToMigrate=null))'
2021-06-20T23:37:07.870Z [jfrt ] [INFO ] [b1b925e524b11595] [adsFolderCleanupServiceImpl:54] [art-exec-8          ] - Docker temp folder cleanup finished, time took: 3 millis
2021-06-20T23:37:07.892Z [jfrt ] [INFO ] [71f1ef274e919453] [.w.NodeEventTaskManagerImpl:43] [art-init            ] - Event management started on behalf of Event Operator with ID 'metadata-operator-events'
2021-06-20T23:37:07.899Z [jfrt ] [INFO ] [71f1ef274e919453] [o.a.s.s.StorageServiceImpl:532] [art-init            ] - Scheduling CalculateReposStorageSummaryJob to run at '0 39 * ? * *'
2021-06-20T23:37:07.902Z [jfrt ] [INFO ] [71f1ef274e919453] [o.a.s.s.StorageServiceImpl:561] [art-init            ] - LogStorageStatusJob disabled and not scheduled to run
2021-06-20T23:37:07.915Z [jfrt ] [INFO ] [71f1ef274e919453] [o.a.m.f.MetricsServiceImpl:135] [art-init            ] - Metric Framework Service is enabled: false
2021-06-20T23:37:07.962Z [jfrt ] [INFO ] [71f1ef274e919453] [o.a.s.a.AccessServiceImpl:1685] [art-init            ] - Successful register of Artifactory serviceId jfrt@01f8nwhqzx1mr613fq7fnd0yns in Access Federation
2021-06-20T23:37:07.963Z [jfrt ] [INFO ] [71f1ef274e919453] [ctoryEncryptionServiceImpl:107] [art-init            ] - Starting encryption for first Artifactory startup
2021-06-20T23:37:07.963Z [jfrt ] [INFO ] [71f1ef274e919453] [j.s.f.SecurityFolderHelper:171] [art-init            ] - Creating artifactory encryption key at /opt/jfrog/artifactory/var/etc/artifactory/security/artifactory.tmp.key
2021-06-20T23:37:07.969Z [jfrt ] [INFO ] [71f1ef274e919453] [o.j.c.ConfigWrapperImpl:342   ] [art-init            ] - [Node ID: f19ef6f0485f]  detected local  create for config 'artifactory/config/security/artifactory.key'
2021-06-20T23:37:08.170Z [jfrt ] [INFO ] [                ] [d.DatabaseConverterRunnable:37] [pool-42-thread-1    ] - Starting Async converter thread.
2021-06-20T23:37:08.171Z [jfrt ] [INFO ] [                ] [ncDBSqlConditionalConverter:33] [pool-42-thread-1    ] - Starting attempt #1 of async conversion for v225_change_nodes_node_name_idx
2021-06-20T23:37:08.172Z [jfrt ] [INFO ] [                ] [ncDBSqlConditionalConverter:35] [pool-42-thread-1    ] - Conversion of v225_change_nodes_node_name_idx finished successfully.
2021-06-20T23:37:08.172Z [jfrt ] [INFO ] [                ] [ncDBSqlConditionalConverter:33] [pool-42-thread-1    ] - Starting attempt #1 of async conversion for v225_change_nodes_node_path_idx
2021-06-20T23:37:08.172Z [jfrt ] [INFO ] [                ] [ncDBSqlConditionalConverter:35] [pool-42-thread-1    ] - Conversion of v225_change_nodes_node_path_idx finished successfully.
2021-06-20T23:37:08.172Z [jfrt ] [INFO ] [                ] [ncDBSqlConditionalConverter:33] [pool-42-thread-1    ] - Starting attempt #1 of async conversion for v225_change_nodes_node_repo_path_idx
2021-06-20T23:37:08.172Z [jfrt ] [INFO ] [                ] [ncDBSqlConditionalConverter:35] [pool-42-thread-1    ] - Conversion of v225_change_nodes_node_repo_path_idx finished successfully.
2021-06-20T23:37:08.173Z [jfrt ] [INFO ] [                ] [ncDBSqlConditionalConverter:33] [pool-42-thread-1    ] - Starting attempt #1 of async conversion for v225_add_bundle_files_node_id_index
2021-06-20T23:37:08.170Z [jfrt ] [INFO ] [e9b98aa6ce66700c] [c.CentralConfigServiceImpl:721] [art-exec-1          ] - Reloading configuration... old revision 1, new revision 2
2021-06-20T23:37:08.182Z [jfrt ] [INFO ] [71f1ef274e919453] [ctoryContextConfigListener:271] [art-init            ] - Artifactory (jfrt) service initialization completed in 22.893 seconds. Listening on port: 8081
2021-06-20T23:37:08.413Z [jfrt ] [INFO ] [e9b98aa6ce66700c] [c.CentralConfigServiceImpl:426] [art-exec-1          ] - New configuration with revision 2 saved.
2021-06-20T23:37:08.413Z [jfrt ] [INFO ] [e9b98aa6ce66700c] [ifactoryApplicationContext:560] [art-exec-1          ] - Artifactory application context set to NOT READY by reload
2021-06-20T23:37:08.550Z [jfrt ] [INFO ] [                ] [ncDBSqlConditionalConverter:35] [pool-42-thread-1    ] - Conversion of v225_add_bundle_files_node_id_index finished successfully.
2021-06-20T23:37:08.550Z [jfrt ] [INFO ] [                ] [ncDBSqlConditionalConverter:33] [pool-42-thread-1    ] - Starting attempt #1 of async conversion for v229_node_events_tmp_event_id_idx
2021-06-20T23:37:08.568Z [jfrt ] [INFO ] [                ] [ncDBSqlConditionalConverter:35] [pool-42-thread-1    ] - Conversion of v229_node_events_tmp_event_id_idx finished successfully.
2021-06-20T23:37:08.636Z [jfrt ] [INFO ] [e9b98aa6ce66700c] [ifactoryApplicationContext:560] [art-exec-1          ] - Artifactory application context set to READY by reload
2021-06-20T23:37:08.649Z [jfrt ] [INFO ] [e9b98aa6ce66700c] [c.CentralConfigServiceImpl:739] [art-exec-1          ] - Configuration reloaded.
2021-06-20T23:37:23.297Z [jfrt ] [INFO ] [                ] [o.j.c.ConfigWrapperImpl:342   ] [pool-29-thread-1    ] - [Node ID: f19ef6f0485f]  detected local  modify for config 'artifactory/config/security/access/access.admin.token'
2021-06-20T23:37:38.011Z [jfrt ] [INFO ] [99cb96fbde585106] [a.e.EventsLogCleanUpService:69] [art-exec-12         ] - Starting cleanup of old events from event log
2021-06-20T23:37:38.050Z [jfrt ] [INFO ] [99cb96fbde585106] [.e.EventsLogCleanUpService:105] [art-exec-12         ] - Cleanup of old events from event log finished
2021-06-20T23:44:42.107Z [jfrt ] [INFO ] [51cda761e3f3af4b] [ifactoryApplicationContext:560] [http-nio-8081-exec-8] - Artifactory application context set to NOT READY by reload
2021-06-20T23:44:42.202Z [jfrt ] [INFO ] [51cda761e3f3af4b] [ifactoryApplicationContext:560] [http-nio-8081-exec-8] - Artifactory application context set to READY by reload
2021-06-20T23:44:42.207Z [jfrt ] [INFO ] [51cda761e3f3af4b] [o.a.s.s.StorageServiceImpl:550] [http-nio-8081-exec-8] - Scheduling SyncStorageUsageJob to run at '43 0/1 * ? * * *'
2021-06-20T23:44:42.369Z [jfrt ] [INFO ] [51cda761e3f3af4b] [.a.a.p.ProjectsServiceImpl:578] [http-nio-8081-exec-8] - Scheduling ProjectStorageQuotaNotificationJob to run every 60 minutes
2021-06-20T23:44:42.370Z [jfrt ] [INFO ] [51cda761e3f3af4b] [askServiceDescriptorHandler:44] [http-nio-8081-exec-8] - Removing all job Replication from task service handler.
2021-06-20T23:44:42.370Z [jfrt ] [INFO ] [51cda761e3f3af4b] [askServiceDescriptorHandler:52] [http-nio-8081-exec-8] - No Replication configured. Replication is disabled.
2021-06-20T23:45:02.072Z [jfrt ] [INFO ] [                ] [o.j.c.ConfigWrapperImpl:342   ] [pool-46-thread-1    ] - [Node ID: f19ef6f0485f]  detected local  modify for config 'artifactory/config/artifactory.lic'
2021-06-20T23:45:25.809Z [jfrt ] [INFO ] [31185714b2263793] [o.a.s.SecurityServiceImpl:1894] [http-nio-8081-exec-8] - Creating keys for user: 'admin'
2021-06-20T23:50:32.692Z [jfrt ] [INFO ] [38cfbea440cd11c2] [ateRepositoryConfigService:119] [http-nio-8081-exec-7] - Creating repository maven-repo
2021-06-20T23:50:33.060Z [jfrt ] [INFO ] [38cfbea440cd11c2] [c.CentralConfigServiceImpl:721] [http-nio-8081-exec-7] - Reloading configuration... old revision 2, new revision 3
2021-06-20T23:50:33.134Z [jfrt ] [INFO ] [38cfbea440cd11c2] [c.CentralConfigServiceImpl:426] [http-nio-8081-exec-7] - New configuration with revision 3 saved.
2021-06-20T23:50:33.135Z [jfrt ] [INFO ] [38cfbea440cd11c2] [ifactoryApplicationContext:560] [http-nio-8081-exec-7] - Artifactory application context set to NOT READY by reload
2021-06-20T23:50:33.220Z [jfrt ] [INFO ] [38cfbea440cd11c2] [askServiceDescriptorHandler:52] [http-nio-8081-exec-7] - No Replication configured. Replication is disabled.
2021-06-20T23:50:33.237Z [jfrt ] [INFO ] [38cfbea440cd11c2] [ifactoryApplicationContext:560] [http-nio-8081-exec-7] - Artifactory application context set to READY by reload
2021-06-20T23:50:33.241Z [jfrt ] [INFO ] [38cfbea440cd11c2] [c.CentralConfigServiceImpl:739] [http-nio-8081-exec-7] - Configuration reloaded.
2021-06-20T23:50:50.932Z [jfrt ] [INFO ] [2f44dcd8c5ce3969] [ateRepositoryConfigService:119] [http-nio-8081-exec-8] - Creating repository docker-repo
2021-06-20T23:50:50.959Z [jfrt ] [INFO ] [2f44dcd8c5ce3969] [c.CentralConfigServiceImpl:721] [http-nio-8081-exec-8] - Reloading configuration... old revision 3, new revision 4
2021-06-20T23:50:51.072Z [jfrt ] [INFO ] [2f44dcd8c5ce3969] [c.CentralConfigServiceImpl:426] [http-nio-8081-exec-8] - New configuration with revision 4 saved.
2021-06-20T23:50:51.072Z [jfrt ] [INFO ] [2f44dcd8c5ce3969] [ifactoryApplicationContext:560] [http-nio-8081-exec-8] - Artifactory application context set to NOT READY by reload
2021-06-20T23:50:51.142Z [jfrt ] [INFO ] [2f44dcd8c5ce3969] [askServiceDescriptorHandler:52] [http-nio-8081-exec-8] - No Replication configured. Replication is disabled.
2021-06-20T23:50:51.164Z [jfrt ] [INFO ] [2f44dcd8c5ce3969] [ifactoryApplicationContext:560] [http-nio-8081-exec-8] - Artifactory application context set to READY by reload
2021-06-20T23:50:51.167Z [jfrt ] [INFO ] [2f44dcd8c5ce3969] [c.CentralConfigServiceImpl:739] [http-nio-8081-exec-8] - Configuration reloaded.
2021-06-20T23:58:37.759Z [jfrt ] [INFO ] [5e86fb69a7377564] [ateRepositoryConfigService:119] [ttp-nio-8081-exec-10] - Creating repository libs-release-local
2021-06-20T23:58:37.772Z [jfrt ] [INFO ] [5e86fb69a7377564] [c.CentralConfigServiceImpl:721] [ttp-nio-8081-exec-10] - Reloading configuration... old revision 4, new revision 5
2021-06-20T23:58:37.848Z [jfrt ] [INFO ] [5e86fb69a7377564] [c.CentralConfigServiceImpl:426] [ttp-nio-8081-exec-10] - New configuration with revision 5 saved.
2021-06-20T23:58:37.849Z [jfrt ] [INFO ] [5e86fb69a7377564] [ifactoryApplicationContext:560] [ttp-nio-8081-exec-10] - Artifactory application context set to NOT READY by reload
2021-06-20T23:58:37.917Z [jfrt ] [INFO ] [5e86fb69a7377564] [askServiceDescriptorHandler:52] [ttp-nio-8081-exec-10] - No Replication configured. Replication is disabled.
2021-06-20T23:58:37.931Z [jfrt ] [INFO ] [5e86fb69a7377564] [ifactoryApplicationContext:560] [ttp-nio-8081-exec-10] - Artifactory application context set to READY by reload
2021-06-20T23:58:37.934Z [jfrt ] [INFO ] [5e86fb69a7377564] [c.CentralConfigServiceImpl:739] [ttp-nio-8081-exec-10] - Configuration reloaded.
2021-06-20T23:58:50.590Z [jfrt ] [INFO ] [1778d2dd18d4ddc7] [ateRepositoryConfigService:119] [http-nio-8081-exec-7] - Creating repository libs-snapshot-local
2021-06-20T23:58:50.606Z [jfrt ] [INFO ] [1778d2dd18d4ddc7] [c.CentralConfigServiceImpl:721] [http-nio-8081-exec-7] - Reloading configuration... old revision 5, new revision 6
2021-06-20T23:58:50.704Z [jfrt ] [INFO ] [1778d2dd18d4ddc7] [c.CentralConfigServiceImpl:426] [http-nio-8081-exec-7] - New configuration with revision 6 saved.
2021-06-20T23:58:50.704Z [jfrt ] [INFO ] [1778d2dd18d4ddc7] [ifactoryApplicationContext:560] [http-nio-8081-exec-7] - Artifactory application context set to NOT READY by reload
2021-06-20T23:58:50.777Z [jfrt ] [INFO ] [1778d2dd18d4ddc7] [askServiceDescriptorHandler:52] [http-nio-8081-exec-7] - No Replication configured. Replication is disabled.
2021-06-20T23:58:50.794Z [jfrt ] [INFO ] [1778d2dd18d4ddc7] [ifactoryApplicationContext:560] [http-nio-8081-exec-7] - Artifactory application context set to READY by reload
2021-06-20T23:58:50.794Z [jfrt ] [INFO ] [1778d2dd18d4ddc7] [c.CentralConfigServiceImpl:739] [http-nio-8081-exec-7] - Configuration reloaded.
2021-06-21T00:00:00.003Z [jfrt ] [INFO ] [3f6f87d3e3c119f ] [.s.d.b.s.BinaryServiceImpl:670] [art-exec-1          ] - Triggering Garbage Collection
2021-06-21T00:00:00.054Z [jfrt ] [INFO ] [3f6f87d3e3c119f ] [.s.d.b.s.g.GarbageCollector:66] [art-exec-1          ] - Starting GC strategy 'TRASH_AND_BINARIES'
2021-06-21T00:00:00.062Z [jfrt ] [INFO ] [3f6f87d3e3c119f ] [.s.d.b.s.g.GarbageCollector:68] [art-exec-1          ] - Finished GC Strategy 'TRASH_AND_BINARIES'
2021-06-21T00:12:00.002Z [jfrt ] [INFO ] [e02355f87bdf0346] [ualCacheCleanupServiceImpl:119] [art-exec-3          ] - Starting cleanup of virtual repositories cache
2021-06-21T00:12:00.006Z [jfrt ] [INFO ] [e02355f87bdf0346] [ualCacheCleanupServiceImpl:127] [art-exec-3          ] - Completed virtual repositories cleanup: removed 0 cached files.
2021-06-21T00:21:19.005Z [jfrt ] [INFO ] [f1ec0e34980f7cf7] [o.a.e.UploadServiceImpl:454   ] [http-nio-8081-exec-8] - Deploy to 'libs-release-local:pl/pandait/panda/0.0.1/panda-0.0.1.jar' Content-Length: 27351735 (estimation) artificial: false
2021-06-21T00:21:21.071Z [jfrt ] [INFO ] [310690945dd86d9e] [o.a.e.UploadServiceImpl:327   ] [http-nio-8081-exec-5] - Deploy to 'libs-release-local:pl/pandait/panda/0.0.1/panda-0.0.1.jar.sha1' Content-Length: 40 artificial: false
2021-06-21T00:21:21.096Z [jfrt ] [INFO ] [5d94921a6a05ed4 ] [o.a.e.UploadServiceImpl:327   ] [http-nio-8081-exec-1] - Deploy to 'libs-release-local:pl/pandait/panda/0.0.1/panda-0.0.1.jar.md5' Content-Length: 32 artificial: false
2021-06-21T00:21:21.110Z [jfrt ] [INFO ] [955cee4f60bd882b] [o.a.e.UploadServiceImpl:454   ] [http-nio-8081-exec-3] - Deploy to 'libs-release-local:pl/pandait/panda/0.0.1/panda-0.0.1.pom' Content-Length: 6263 (estimation) artificial: false
2021-06-21T00:21:21.294Z [jfrt ] [INFO ] [f1f59da1327cfb0d] [o.a.e.UploadServiceImpl:327   ] [http-nio-8081-exec-3] - Deploy to 'libs-release-local:pl/pandait/panda/0.0.1/panda-0.0.1.pom.sha1' Content-Length: 40 artificial: false
2021-06-21T00:21:21.303Z [jfrt ] [INFO ] [14698d82ef7a054e] [o.a.e.UploadServiceImpl:327   ] [http-nio-8081-exec-3] - Deploy to 'libs-release-local:pl/pandait/panda/0.0.1/panda-0.0.1.pom.md5' Content-Length: 32 artificial: false
2021-06-21T00:21:21.359Z [jfrt ] [INFO ] [a55693f6d3f4076 ] [o.a.e.UploadServiceImpl:454   ] [http-nio-8081-exec-7] - Deploy to 'libs-release-local:pl/pandait/panda/maven-metadata.xml' Content-Length: 295 (estimation) artificial: false
2021-06-21T00:21:21.392Z [jfrt ] [INFO ] [d52931f77066c9f3] [o.a.e.UploadServiceImpl:327   ] [http-nio-8081-exec-2] - Deploy to 'libs-release-local:pl/pandait/panda/maven-metadata.xml.sha1' Content-Length: 40 artificial: false
2021-06-21T00:21:21.401Z [jfrt ] [INFO ] [463eb41bdf1a8674] [o.a.e.UploadServiceImpl:327   ] [http-nio-8081-exec-4] - Deploy to 'libs-release-local:pl/pandait/panda/maven-metadata.xml.md5' Content-Length: 32 artificial: false
