2021-06-20T23:37:07.779Z [71f1ef274e919453] [ACCEPTED CONFIGURATION_CHANGE]   for client : _system_ / .
2021-06-20T23:37:08.651Z [e9b98aa6ce66700c] [ACCEPTED CONFIGURATION_CHANGE]   for client : _system_ / .
2021-06-20T23:37:16.119Z [32f0644ea488f366] [ACCEPTED LOGIN]   for client : jffe@000 / 127.0.0.1.
2021-06-20T23:37:24.031Z [432f2e7ffc129430] [ACCEPTED LOGIN]   for client : token:jfevt@01f8nwh1yrag8q1qnmzprd126q / 127.0.0.1.
2021-06-20T23:37:24.080Z [432f2e7ffc129430] [ACCEPTED LOGIN]   for client : token:jfevt@01f8nwh1yrag8q1qnmzprd126q / 127.0.0.1.
2021-06-20T23:37:24.088Z [432f2e7ffc129430] [ACCEPTED LOGIN]   for client : token:jfevt@01f8nwh1yrag8q1qnmzprd126q / 127.0.0.1.
2021-06-20T23:37:36.846Z [14931a78019d2402] [ACCEPTED LOGIN]   for client : anonymous / 192.168.44.1.
2021-06-20T23:37:36.852Z [14931a78019d2402] [ACCEPTED LOGIN]   for client : anonymous / 192.168.44.1.
2021-06-20T23:37:36.999Z [7354b161a1e6268e] [ACCEPTED LOGIN]   for client : anonymous / 192.168.44.1.
2021-06-20T23:37:37.972Z [61907daedf76fe68] [ACCEPTED LOGIN]   for client : anonymous / 192.168.44.1.
2021-06-20T23:37:37.982Z [61907daedf76fe68] [ACCEPTED LOGIN]   for client : anonymous / 192.168.44.1.
2021-06-20T23:37:38.868Z [4b69a7165f324faa] [ACCEPTED LOGIN]   for client : anonymous / 192.168.44.1.
2021-06-20T23:37:48.279Z [5ec5c7f8f55e0a2e] [ACCEPTED LOGIN]   for client : jffe@000 / 127.0.0.1.
2021-06-20T23:37:48.309Z [14e2be0225a58321] [ACCEPTED LOGIN]   for client : jffe@000 / 127.0.0.1.
2021-06-20T23:37:48.314Z [416cd408db99dc8d] [ACCEPTED LOGIN]   for client : jffe@000 / 127.0.0.1.
2021-06-20T23:38:18.295Z [75164a024771e3ca] [ACCEPTED LOGIN]   for client : jffe@000 / 127.0.0.1.
2021-06-20T23:38:18.298Z [3cf7742f679f9f62] [ACCEPTED LOGIN]   for client : jffe@000 / 127.0.0.1.
2021-06-20T23:38:18.312Z [4c7f8f5ced9e9edc] [ACCEPTED LOGIN]   for client : jffe@000 / 127.0.0.1.
2021-06-20T23:38:48.287Z [19c598e925d3e2d6] [ACCEPTED LOGIN]   for client : jffe@000 / 127.0.0.1.
2021-06-20T23:38:48.293Z [12e6250e70fa07b9] [ACCEPTED LOGIN]   for client : jffe@000 / 127.0.0.1.
2021-06-20T23:38:48.306Z [39532f11721bad48] [ACCEPTED LOGIN]   for client : jffe@000 / 127.0.0.1.
2021-06-20T23:39:18.277Z [1adb533a955dad9b] [ACCEPTED LOGIN]   for client : jffe@000 / 127.0.0.1.
2021-06-20T23:39:18.288Z [4e7683b3a205db07] [ACCEPTED LOGIN]   for client : jffe@000 / 127.0.0.1.
2021-06-20T23:39:18.294Z [2086c12eda2d1be1] [ACCEPTED LOGIN]   for client : jffe@000 / 127.0.0.1.
2021-06-20T23:39:48.279Z [2a1e04c738b6e1b2] [ACCEPTED LOGIN]   for client : jffe@000 / 127.0.0.1.
2021-06-20T23:39:48.302Z [4346ef34abff3bef] [ACCEPTED LOGIN]   for client : jffe@000 / 127.0.0.1.
2021-06-20T23:39:48.311Z [54db3eb74117f335] [ACCEPTED LOGIN]   for client : jffe@000 / 127.0.0.1.
2021-06-20T23:40:18.299Z [77d1584792e6fd7c] [ACCEPTED LOGIN]   for client : jffe@000 / 127.0.0.1.
2021-06-20T23:40:18.302Z [592c31c09dd2bec7] [ACCEPTED LOGIN]   for client : jffe@000 / 127.0.0.1.
2021-06-20T23:40:18.310Z [321f1056680f201c] [ACCEPTED LOGIN]   for client : jffe@000 / 127.0.0.1.
2021-06-20T23:40:25.895Z [1e8955e2356cac17] [ACCEPTED LOGIN]   for client : admin / 192.168.44.1.
2021-06-20T23:40:26.264Z [7052111437848f43] [ACCEPTED LOGIN]   for client : admin / 192.168.44.1.
2021-06-20T23:40:26.297Z [7052111437848f43] [ACCEPTED LOGIN]   for client : admin / 192.168.44.1.
2021-06-20T23:40:26.413Z [a73b706809996a0 ] [ACCEPTED LOGIN]   for client : admin / 192.168.44.1.
2021-06-20T23:40:48.289Z [59da486e24f70c97] [ACCEPTED LOGIN]   for client : jffe@000 / 127.0.0.1.
2021-06-20T23:40:48.297Z [3f7c5deb88947d55] [ACCEPTED LOGIN]   for client : jffe@000 / 127.0.0.1.
2021-06-20T23:40:48.304Z [411aaece31566536] [ACCEPTED LOGIN]   for client : jffe@000 / 127.0.0.1.
2021-06-20T23:40:51.351Z [479d4c6c4079aacd] [ACCEPTED LOGIN]   for client : admin / 192.168.44.1.
2021-06-20T23:41:16.498Z [4aaec34ca6d53654] [ACCEPTED LOGIN]   for client : admin / 192.168.44.1.
2021-06-20T23:41:18.292Z [1017f94ffede1ac4] [ACCEPTED LOGIN]   for client : jffe@000 / 127.0.0.1.
2021-06-20T23:41:18.287Z [9101e24e5584bab ] [ACCEPTED LOGIN]   for client : jffe@000 / 127.0.0.1.
2021-06-20T23:41:18.302Z [db43dcf741b0d38 ] [ACCEPTED LOGIN]   for client : jffe@000 / 127.0.0.1.
2021-06-20T23:41:41.479Z [522134c3e06d2612] [ACCEPTED LOGIN]   for client : admin / 192.168.44.1.
2021-06-20T23:41:48.311Z [33b79f0f1774fcad] [ACCEPTED LOGIN]   for client : jffe@000 / 127.0.0.1.
2021-06-20T23:41:48.312Z [7d3227fcbe1cc3fb] [ACCEPTED LOGIN]   for client : jffe@000 / 127.0.0.1.
2021-06-20T23:41:48.325Z [2045c440cdfd97f ] [ACCEPTED LOGIN]   for client : jffe@000 / 127.0.0.1.
2021-06-20T23:42:06.532Z [6942eb7931788e16] [ACCEPTED LOGIN]   for client : admin / 192.168.44.1.
2021-06-20T23:42:18.333Z [e9e8e5edf1e9a50 ] [ACCEPTED LOGIN]   for client : jffe@000 / 127.0.0.1.
2021-06-20T23:42:18.340Z [21ade27001749c86] [ACCEPTED LOGIN]   for client : jffe@000 / 127.0.0.1.
2021-06-20T23:42:18.343Z [7a20c1f3d0901454] [ACCEPTED LOGIN]   for client : jffe@000 / 127.0.0.1.
2021-06-20T23:42:21.752Z [5f6f4c13a06ad74c] [ACCEPTED LOGIN]   for client : admin / 192.168.44.1.
2021-06-20T23:42:24.159Z [432f2e7ffc129430] [ACCEPTED LOGIN]   for client : token:jfevt@01f8nwh1yrag8q1qnmzprd126q / 127.0.0.1.
2021-06-20T23:42:48.323Z [1a813ffb391ad76a] [ACCEPTED LOGIN]   for client : jffe@000 / 127.0.0.1.
2021-06-20T23:42:48.325Z [b444c5f74474886 ] [ACCEPTED LOGIN]   for client : jffe@000 / 127.0.0.1.
2021-06-20T23:42:48.337Z [6c736dceb809f94b] [ACCEPTED LOGIN]   for client : jffe@000 / 127.0.0.1.
2021-06-20T23:42:56.493Z [40f636ed93c2918e] [ACCEPTED LOGIN]   for client : admin / 192.168.44.1.
2021-06-20T23:43:18.322Z [744761965a4a0b7 ] [ACCEPTED LOGIN]   for client : jffe@000 / 127.0.0.1.
2021-06-20T23:43:18.327Z [34542cb52ab1ce76] [ACCEPTED LOGIN]   for client : jffe@000 / 127.0.0.1.
2021-06-20T23:43:18.333Z [efd837cd411c6ea ] [ACCEPTED LOGIN]   for client : jffe@000 / 127.0.0.1.
2021-06-20T23:43:21.548Z [4321179c6d8038ef] [ACCEPTED LOGIN]   for client : admin / 192.168.44.1.
2021-06-20T23:43:46.487Z [4dddbc1990f0707e] [ACCEPTED LOGIN]   for client : admin / 192.168.44.1.
2021-06-20T23:43:48.341Z [331285d321e405a1] [ACCEPTED LOGIN]   for client : jffe@000 / 127.0.0.1.
2021-06-20T23:43:48.348Z [1d1cce2cf962ee51] [ACCEPTED LOGIN]   for client : jffe@000 / 127.0.0.1.
2021-06-20T23:43:48.358Z [24d89f75343b6fa1] [ACCEPTED LOGIN]   for client : jffe@000 / 127.0.0.1.
2021-06-20T23:44:11.471Z [2d3923d858049e46] [ACCEPTED LOGIN]   for client : admin / 192.168.44.1.
2021-06-20T23:44:18.342Z [762d2832ac3a0d9c] [ACCEPTED LOGIN]   for client : jffe@000 / 127.0.0.1.
2021-06-20T23:44:18.359Z [3522cdd458f8c31d] [ACCEPTED LOGIN]   for client : jffe@000 / 127.0.0.1.
2021-06-20T23:44:18.372Z [5a5edf6fb7d23c1 ] [ACCEPTED LOGIN]   for client : jffe@000 / 127.0.0.1.
2021-06-20T23:44:36.292Z [a0b70a701e8a212 ] [ACCEPTED LOGIN]   for client : admin / 192.168.44.1.
2021-06-20T23:44:48.363Z [34e0de8c58037d1b] [ACCEPTED LOGIN]   for client : jffe@000 / 127.0.0.1.
2021-06-20T23:44:48.380Z [7a813b404e51e54c] [ACCEPTED LOGIN]   for client : jffe@000 / 127.0.0.1.
2021-06-20T23:44:48.381Z [54aa8fa6ce25d4e ] [ACCEPTED LOGIN]   for client : jffe@000 / 127.0.0.1.
2021-06-20T23:45:00.996Z [61bc8bdbee833ede] [ACCEPTED LOGIN]   for client : admin / 192.168.44.1.
2021-06-20T23:45:00.998Z [61bc8bdbee833ede] [ACCEPTED LOGIN]   for client : admin / 192.168.44.1.
2021-06-20T23:45:01.031Z [55df4d46311b4cc3] [ACCEPTED LOGIN]   for client : admin / 192.168.44.1.
2021-06-20T23:45:18.336Z [c608f80aa52beaa ] [ACCEPTED LOGIN]   for client : jffe@000 / 127.0.0.1.
2021-06-20T23:45:18.355Z [6eafa24cee9ade92] [ACCEPTED LOGIN]   for client : jffe@000 / 127.0.0.1.
2021-06-20T23:45:18.356Z [2b23637484ee3638] [ACCEPTED LOGIN]   for client : jffe@000 / 127.0.0.1.
2021-06-20T23:45:25.650Z [42934a3d48283e48] [ACCEPTED LOGIN]   for client : admin / 192.168.44.1.
2021-06-20T23:45:25.841Z [e9fb7c47102c224 ] [ACCEPTED LOGIN]   for client : admin / 192.168.44.1.
2021-06-20T23:45:26.003Z [31185714b2263793] [ACCEPTED LOGIN]   for client : admin / 192.168.44.1.
2021-06-20T23:45:48.377Z [749851d06e778c0a] [ACCEPTED LOGIN]   for client : jffe@000 / 127.0.0.1.
2021-06-20T23:45:48.377Z [315e12e840bc6919] [ACCEPTED LOGIN]   for client : jffe@000 / 127.0.0.1.
2021-06-20T23:45:48.385Z [45404c3eb9089663] [ACCEPTED LOGIN]   for client : jffe@000 / 127.0.0.1.
2021-06-20T23:45:52.667Z [5220812cebeac0f4] [ACCEPTED LOGIN]   for client : admin / 192.168.44.1.
2021-06-20T23:45:52.893Z [66a5cffc5ed0dc3d] [ACCEPTED UPDATE]  The user: 'admin' has updated his profile successfully for client : admin / 192.168.44.1.
2021-06-20T23:45:52.894Z [66a5cffc5ed0dc3d] [ACCEPTED LOGIN]   for client : admin / 192.168.44.1.
2021-06-20T23:46:17.582Z [5b19b311a2b20c30] [ACCEPTED LOGIN]   for client : admin / 192.168.44.1.
2021-06-20T23:46:18.361Z [78fee3a81b81b828] [ACCEPTED LOGIN]   for client : jffe@000 / 127.0.0.1.
2021-06-20T23:46:18.378Z [aa6b1bfbe05f59e ] [ACCEPTED LOGIN]   for client : jffe@000 / 127.0.0.1.
2021-06-20T23:46:18.379Z [4b134f620cf446db] [ACCEPTED LOGIN]   for client : jffe@000 / 127.0.0.1.
2021-06-20T23:46:39.915Z [1eed3c585b4c28c6] [ACCEPTED LOGIN]   for client : anonymous / 192.168.44.1.
2021-06-20T23:46:39.915Z [1eed3c585b4c28c6] [ACCEPTED LOGIN]   for client : anonymous / 192.168.44.1.
2021-06-20T23:46:47.397Z [4bc56cd5dfe2c26c] [ACCEPTED LOGIN]   for client : admin / 192.168.44.1.
2021-06-20T23:46:47.626Z [7b96a1f560b8cf4a] [ACCEPTED LOGIN]   for client : admin / 192.168.44.1.
2021-06-20T23:46:47.644Z [7b96a1f560b8cf4a] [ACCEPTED LOGIN]   for client : admin / 192.168.44.1.
2021-06-20T23:46:47.726Z [741ea863f5e484d1] [ACCEPTED LOGIN]   for client : admin / 192.168.44.1.
2021-06-20T23:46:48.398Z [56f295a5055e61a0] [ACCEPTED LOGIN]   for client : jffe@000 / 127.0.0.1.
2021-06-20T23:46:48.403Z [48de10ea55d9d7e7] [ACCEPTED LOGIN]   for client : jffe@000 / 127.0.0.1.
2021-06-20T23:46:48.404Z [5e4da863a05c6330] [ACCEPTED LOGIN]   for client : jffe@000 / 127.0.0.1.
2021-06-20T23:47:12.932Z [43e48945ab857b1e] [ACCEPTED LOGIN]   for client : admin / 192.168.44.1.
2021-06-20T23:47:18.432Z [63f922a33ee8ef4c] [ACCEPTED LOGIN]   for client : jffe@000 / 127.0.0.1.
2021-06-20T23:47:18.433Z [f6981069c80d7f0 ] [ACCEPTED LOGIN]   for client : jffe@000 / 127.0.0.1.
2021-06-20T23:47:18.434Z [45144862359d036b] [ACCEPTED LOGIN]   for client : jffe@000 / 127.0.0.1.
2021-06-20T23:47:37.842Z [77ced55b3f817af4] [ACCEPTED LOGIN]   for client : admin / 192.168.44.1.
2021-06-20T23:47:48.399Z [7eccb55d2ad133eb] [ACCEPTED LOGIN]   for client : jffe@000 / 127.0.0.1.
2021-06-20T23:47:48.400Z [33537faee4affd24] [ACCEPTED LOGIN]   for client : jffe@000 / 127.0.0.1.
2021-06-20T23:47:48.407Z [45d0aa1f66c76420] [ACCEPTED LOGIN]   for client : jffe@000 / 127.0.0.1.
2021-06-20T23:48:02.846Z [4811a5a2ff62c57b] [ACCEPTED LOGIN]   for client : admin / 192.168.44.1.
2021-06-20T23:48:18.391Z [2ad764d2b6a20d25] [ACCEPTED LOGIN]   for client : jffe@000 / 127.0.0.1.
2021-06-20T23:48:18.396Z [1183a3da5961ffd1] [ACCEPTED LOGIN]   for client : jffe@000 / 127.0.0.1.
2021-06-20T23:48:18.406Z [2d4ad2e692143136] [ACCEPTED LOGIN]   for client : jffe@000 / 127.0.0.1.
2021-06-20T23:48:28.471Z [3096f02378ef8967] [ACCEPTED LOGIN]   for client : admin / 192.168.44.1.
2021-06-20T23:48:48.413Z [560adbefc9a0ecba] [ACCEPTED LOGIN]   for client : jffe@000 / 127.0.0.1.
2021-06-20T23:48:48.415Z [5b57c84439f41440] [ACCEPTED LOGIN]   for client : jffe@000 / 127.0.0.1.
2021-06-20T23:48:48.418Z [56c9895fdef18de0] [ACCEPTED LOGIN]   for client : jffe@000 / 127.0.0.1.
2021-06-20T23:48:52.852Z [386e5ff0f6bfc1ff] [ACCEPTED LOGIN]   for client : admin / 192.168.44.1.
2021-06-20T23:49:17.861Z [486932a75cb275a0] [ACCEPTED LOGIN]   for client : admin / 192.168.44.1.
2021-06-20T23:49:18.398Z [26b8057006a17590] [ACCEPTED LOGIN]   for client : jffe@000 / 127.0.0.1.
2021-06-20T23:49:18.399Z [30857b64d8ca5798] [ACCEPTED LOGIN]   for client : jffe@000 / 127.0.0.1.
2021-06-20T23:49:18.401Z [33fa666d8bbe39b2] [ACCEPTED LOGIN]   for client : jffe@000 / 127.0.0.1.
2021-06-20T23:49:35.799Z [49b56f3ad5a801d4] [ACCEPTED LOGIN]   for client : admin / 192.168.44.1.
2021-06-20T23:49:35.892Z [4a7bb3f4e51d1a98] [ACCEPTED LOGIN]   for client : admin / 192.168.44.1.
2021-06-20T23:49:35.976Z [3542078026168e27] [ACCEPTED LOGIN]   for client : admin / 192.168.44.1.
2021-06-20T23:49:48.416Z [1f5fc277352ecc26] [ACCEPTED LOGIN]   for client : jffe@000 / 127.0.0.1.
2021-06-20T23:49:48.418Z [1ae3072f417e1758] [ACCEPTED LOGIN]   for client : jffe@000 / 127.0.0.1.
2021-06-20T23:49:48.420Z [1666103fd09411fd] [ACCEPTED LOGIN]   for client : jffe@000 / 127.0.0.1.
2021-06-20T23:50:04.473Z [f0c033d278d7e83 ] [ACCEPTED LOGIN]   for client : admin / 192.168.44.1.
2021-06-20T23:50:18.427Z [491e71ba628b77ed] [ACCEPTED LOGIN]   for client : jffe@000 / 127.0.0.1.
2021-06-20T23:50:18.439Z [7c4e21fbac5c7419] [ACCEPTED LOGIN]   for client : jffe@000 / 127.0.0.1.
2021-06-20T23:50:18.454Z [370eb1e7aa60b8a9] [ACCEPTED LOGIN]   for client : jffe@000 / 127.0.0.1.
2021-06-20T23:50:32.832Z [41e8f393ef795e38] [ACCEPTED LOGIN]   for client : admin / 192.168.44.1.
2021-06-20T23:50:33.242Z [38cfbea440cd11c2] [ACCEPTED CONFIGURATION_CHANGE]   for client : admin / 192.168.44.1.
2021-06-20T23:50:33.243Z [38cfbea440cd11c2] [ACCEPTED LOGIN]   for client : admin / 192.168.44.1.
2021-06-20T23:50:48.433Z [77d7d713a1068ab2] [ACCEPTED LOGIN]   for client : jffe@000 / 127.0.0.1.
2021-06-20T23:50:48.435Z [535187ed36c71e33] [ACCEPTED LOGIN]   for client : jffe@000 / 127.0.0.1.
2021-06-20T23:50:48.439Z [2629f6ffd9f524d2] [ACCEPTED LOGIN]   for client : jffe@000 / 127.0.0.1.
2021-06-20T23:50:51.168Z [2f44dcd8c5ce3969] [ACCEPTED CONFIGURATION_CHANGE]   for client : admin / 192.168.44.1.
2021-06-20T23:50:51.173Z [2f44dcd8c5ce3969] [ACCEPTED LOGIN]   for client : admin / 192.168.44.1.
2021-06-20T23:51:18.444Z [1de3972903987e91] [ACCEPTED LOGIN]   for client : jffe@000 / 127.0.0.1.
2021-06-20T23:51:18.448Z [7d8bba9c751791e5] [ACCEPTED LOGIN]   for client : jffe@000 / 127.0.0.1.
2021-06-20T23:51:18.450Z [5e59ae5086a47357] [ACCEPTED LOGIN]   for client : jffe@000 / 127.0.0.1.
2021-06-20T23:51:22.836Z [46e9aa3eff6a75d0] [ACCEPTED LOGIN]   for client : admin / 192.168.44.1.
2021-06-20T23:51:47.854Z [1ed31bc20c779bc6] [ACCEPTED LOGIN]   for client : admin / 192.168.44.1.
2021-06-20T23:51:48.454Z [6384f106fd5c0d7b] [ACCEPTED LOGIN]   for client : jffe@000 / 127.0.0.1.
2021-06-20T23:51:48.461Z [742992843d50ce6a] [ACCEPTED LOGIN]   for client : jffe@000 / 127.0.0.1.
2021-06-20T23:51:48.462Z [3bd5c315cf949718] [ACCEPTED LOGIN]   for client : jffe@000 / 127.0.0.1.
2021-06-20T23:52:12.854Z [28de44645ff55b51] [ACCEPTED LOGIN]   for client : admin / 192.168.44.1.
2021-06-20T23:52:18.471Z [19cfa9a59b435489] [ACCEPTED LOGIN]   for client : jffe@000 / 127.0.0.1.
2021-06-20T23:52:18.474Z [5c52f08917643f47] [ACCEPTED LOGIN]   for client : jffe@000 / 127.0.0.1.
2021-06-20T23:52:18.475Z [226afcaffd377e71] [ACCEPTED LOGIN]   for client : jffe@000 / 127.0.0.1.
2021-06-20T23:52:24.082Z [432f2e7ffc129430] [ACCEPTED LOGIN]   for client : token:jfevt@01f8nwh1yrag8q1qnmzprd126q / 127.0.0.1.
2021-06-20T23:52:37.842Z [3a88a2ed1a17092a] [ACCEPTED LOGIN]   for client : admin / 192.168.44.1.
2021-06-20T23:52:48.455Z [29bdec333ace77fd] [ACCEPTED LOGIN]   for client : jffe@000 / 127.0.0.1.
2021-06-20T23:52:48.458Z [199e2b9fd036c59 ] [ACCEPTED LOGIN]   for client : jffe@000 / 127.0.0.1.
2021-06-20T23:52:48.463Z [739bdac29368f7e0] [ACCEPTED LOGIN]   for client : jffe@000 / 127.0.0.1.
2021-06-20T23:53:02.849Z [34c22129a1db261 ] [ACCEPTED LOGIN]   for client : admin / 192.168.44.1.
2021-06-20T23:53:18.462Z [48a9b36f43546f24] [ACCEPTED LOGIN]   for client : jffe@000 / 127.0.0.1.
2021-06-20T23:53:18.462Z [27f0315b23f300c1] [ACCEPTED LOGIN]   for client : jffe@000 / 127.0.0.1.
2021-06-20T23:53:18.463Z [6d0e4f9eb33bf9d0] [ACCEPTED LOGIN]   for client : jffe@000 / 127.0.0.1.
2021-06-20T23:53:27.847Z [3e4c09a20579a6e2] [ACCEPTED LOGIN]   for client : admin / 192.168.44.1.
2021-06-20T23:53:48.447Z [4ea22887e7181a19] [ACCEPTED LOGIN]   for client : jffe@000 / 127.0.0.1.
2021-06-20T23:53:48.449Z [6857cda46019d8a0] [ACCEPTED LOGIN]   for client : jffe@000 / 127.0.0.1.
2021-06-20T23:53:48.456Z [219affbff848e7bd] [ACCEPTED LOGIN]   for client : jffe@000 / 127.0.0.1.
2021-06-20T23:53:52.828Z [16ec500262ba5047] [ACCEPTED LOGIN]   for client : admin / 192.168.44.1.
2021-06-20T23:54:17.862Z [47648c5135cd9d5b] [ACCEPTED LOGIN]   for client : admin / 192.168.44.1.
2021-06-20T23:54:18.452Z [a7cd0a63308159c ] [ACCEPTED LOGIN]   for client : jffe@000 / 127.0.0.1.
2021-06-20T23:54:18.463Z [283ece723754049e] [ACCEPTED LOGIN]   for client : jffe@000 / 127.0.0.1.
2021-06-20T23:54:18.465Z [2fdd4256d196f43e] [ACCEPTED LOGIN]   for client : jffe@000 / 127.0.0.1.
2021-06-20T23:54:42.842Z [caaeb7df0cdfe6b ] [ACCEPTED LOGIN]   for client : admin / 192.168.44.1.
2021-06-20T23:54:48.463Z [54a023442285a8b2] [ACCEPTED LOGIN]   for client : jffe@000 / 127.0.0.1.
2021-06-20T23:54:48.466Z [6a772c8662f3863f] [ACCEPTED LOGIN]   for client : jffe@000 / 127.0.0.1.
2021-06-20T23:54:48.483Z [2c3ef39514e5c9cd] [ACCEPTED LOGIN]   for client : jffe@000 / 127.0.0.1.
2021-06-20T23:55:07.846Z [565c044fa5e73984] [ACCEPTED LOGIN]   for client : admin / 192.168.44.1.
2021-06-20T23:55:18.470Z [41396cb3d3d2a8a3] [ACCEPTED LOGIN]   for client : jffe@000 / 127.0.0.1.
2021-06-20T23:55:18.474Z [fbf7744c7877792 ] [ACCEPTED LOGIN]   for client : jffe@000 / 127.0.0.1.
2021-06-20T23:55:18.481Z [697d5b0c8c20d4  ] [ACCEPTED LOGIN]   for client : jffe@000 / 127.0.0.1.
2021-06-20T23:55:32.851Z [1b0296aed27561e5] [ACCEPTED LOGIN]   for client : admin / 192.168.44.1.
2021-06-20T23:55:48.482Z [224b602d53223e88] [ACCEPTED LOGIN]   for client : jffe@000 / 127.0.0.1.
2021-06-20T23:55:48.489Z [6e9f5b5b4cbb55de] [ACCEPTED LOGIN]   for client : jffe@000 / 127.0.0.1.
2021-06-20T23:55:48.495Z [6df59923a72a19ea] [ACCEPTED LOGIN]   for client : jffe@000 / 127.0.0.1.
2021-06-20T23:55:57.829Z [30b6c52204ddc17a] [ACCEPTED LOGIN]   for client : admin / 192.168.44.1.
2021-06-20T23:56:18.468Z [574d635758595d1a] [ACCEPTED LOGIN]   for client : jffe@000 / 127.0.0.1.
2021-06-20T23:56:18.470Z [5d8e003c7f6673f6] [ACCEPTED LOGIN]   for client : jffe@000 / 127.0.0.1.
2021-06-20T23:56:18.475Z [320ebf8d978d0f7c] [ACCEPTED LOGIN]   for client : jffe@000 / 127.0.0.1.
2021-06-20T23:56:22.830Z [2af6e25de4f160ac] [ACCEPTED LOGIN]   for client : admin / 192.168.44.1.
2021-06-20T23:56:47.856Z [7e58409ea85db85f] [ACCEPTED LOGIN]   for client : admin / 192.168.44.1.
2021-06-20T23:56:48.471Z [2e6ea75f6149a731] [ACCEPTED LOGIN]   for client : jffe@000 / 127.0.0.1.
2021-06-20T23:56:48.472Z [779cbd0f236871fc] [ACCEPTED LOGIN]   for client : jffe@000 / 127.0.0.1.
2021-06-20T23:56:48.479Z [6f9bb0896a6f9ee5] [ACCEPTED LOGIN]   for client : jffe@000 / 127.0.0.1.
2021-06-20T23:57:12.859Z [30d55955a10c1be0] [ACCEPTED LOGIN]   for client : admin / 192.168.44.1.
2021-06-20T23:57:18.520Z [591252cce3dc1826] [ACCEPTED LOGIN]   for client : jffe@000 / 127.0.0.1.
2021-06-20T23:57:18.521Z [26c8474d209934e3] [ACCEPTED LOGIN]   for client : jffe@000 / 127.0.0.1.
2021-06-20T23:57:18.539Z [7e8ff5459279ed6b] [ACCEPTED LOGIN]   for client : jffe@000 / 127.0.0.1.
2021-06-20T23:57:24.119Z [432f2e7ffc129430] [ACCEPTED LOGIN]   for client : token:jfevt@01f8nwh1yrag8q1qnmzprd126q / 127.0.0.1.
2021-06-20T23:57:24.129Z [432f2e7ffc129430] [ACCEPTED LOGIN]   for client : token:jfevt@01f8nwh1yrag8q1qnmzprd126q / 127.0.0.1.
2021-06-20T23:57:37.851Z [62968a7b71e8900c] [ACCEPTED LOGIN]   for client : admin / 192.168.44.1.
2021-06-20T23:57:48.486Z [26f0b19614baec6d] [ACCEPTED LOGIN]   for client : jffe@000 / 127.0.0.1.
2021-06-20T23:57:48.494Z [68cf6d250b513e9e] [ACCEPTED LOGIN]   for client : jffe@000 / 127.0.0.1.
2021-06-20T23:57:48.495Z [551565ab0ecabf5 ] [ACCEPTED LOGIN]   for client : jffe@000 / 127.0.0.1.
2021-06-20T23:58:02.863Z [187949166fb98d95] [ACCEPTED LOGIN]   for client : admin / 192.168.44.1.
2021-06-20T23:58:18.130Z [1f74eae78915df0f] [ACCEPTED LOGIN]   for client : admin / 192.168.44.1.
2021-06-20T23:58:18.468Z [50f84b136791f435] [ACCEPTED LOGIN]   for client : jffe@000 / 127.0.0.1.
2021-06-20T23:58:18.468Z [c056e3808561f4a ] [ACCEPTED LOGIN]   for client : jffe@000 / 127.0.0.1.
2021-06-20T23:58:18.476Z [4cca06647b11c841] [ACCEPTED LOGIN]   for client : jffe@000 / 127.0.0.1.
2021-06-20T23:58:34.471Z [23d94c6221e726b ] [ACCEPTED LOGIN]   for client : admin / 192.168.44.1.
2021-06-20T23:58:37.935Z [5e86fb69a7377564] [ACCEPTED CONFIGURATION_CHANGE]   for client : admin / 192.168.44.1.
2021-06-20T23:58:48.500Z [31dd9a51c517c947] [ACCEPTED LOGIN]   for client : jffe@000 / 127.0.0.1.
2021-06-20T23:58:48.503Z [330555a5af941a86] [ACCEPTED LOGIN]   for client : jffe@000 / 127.0.0.1.
2021-06-20T23:58:48.507Z [735e71756bf22bc5] [ACCEPTED LOGIN]   for client : jffe@000 / 127.0.0.1.
2021-06-20T23:58:50.795Z [1778d2dd18d4ddc7] [ACCEPTED CONFIGURATION_CHANGE]   for client : admin / 192.168.44.1.
2021-06-20T23:58:50.796Z [1778d2dd18d4ddc7] [ACCEPTED LOGIN]   for client : admin / 192.168.44.1.
2021-06-20T23:59:18.486Z [7e9bf540856b7fdb] [ACCEPTED LOGIN]   for client : jffe@000 / 127.0.0.1.
2021-06-20T23:59:18.503Z [4956a7536b16731c] [ACCEPTED LOGIN]   for client : jffe@000 / 127.0.0.1.
2021-06-20T23:59:18.509Z [293d3fad010dbad3] [ACCEPTED LOGIN]   for client : jffe@000 / 127.0.0.1.
2021-06-20T23:59:18.521Z [63a6eaef5109e4b ] [ACCEPTED LOGIN]   for client : admin / 192.168.44.1.
2021-06-20T23:59:33.922Z [32449865d2604cc6] [ACCEPTED LOGIN]   for client : admin / 192.168.44.1.
2021-06-20T23:59:48.471Z [a6cdb2260d2b96f ] [ACCEPTED LOGIN]   for client : jffe@000 / 127.0.0.1.
2021-06-20T23:59:48.476Z [504291178f612c89] [ACCEPTED LOGIN]   for client : jffe@000 / 127.0.0.1.
2021-06-20T23:59:48.479Z [b9e9db884c12d1c ] [ACCEPTED LOGIN]   for client : jffe@000 / 127.0.0.1.
2021-06-20T23:59:54.584Z [1f281ab4ae6c1d3e] [ACCEPTED LOGIN]   for client : admin / 192.168.44.1.
2021-06-21T00:00:12.966Z [5d2336b8e69ec86b] [ACCEPTED LOGIN]   for client : admin / 192.168.44.1.
2021-06-21T00:00:18.468Z [42222a3b06e4bbdc] [ACCEPTED LOGIN]   for client : jffe@000 / 127.0.0.1.
2021-06-21T00:00:18.476Z [20746e19079761d ] [ACCEPTED LOGIN]   for client : jffe@000 / 127.0.0.1.
2021-06-21T00:00:18.480Z [54e4a82fd57a0210] [ACCEPTED LOGIN]   for client : jffe@000 / 127.0.0.1.
2021-06-21T00:00:28.051Z [b35bf1bf710ac1b ] [ACCEPTED LOGIN]   for client : admin / 192.168.44.1.
2021-06-21T00:00:28.064Z [32a10d14b7b81c59] [ACCEPTED LOGIN]   for client : admin / 192.168.44.1.
2021-06-21T00:00:28.114Z [69025f2d73f1161 ] [ACCEPTED LOGIN]   for client : admin / 192.168.44.1.
2021-06-21T00:00:48.502Z [15355d8bf1318659] [ACCEPTED LOGIN]   for client : jffe@000 / 127.0.0.1.
2021-06-21T00:00:48.503Z [7408c1a427725616] [ACCEPTED LOGIN]   for client : jffe@000 / 127.0.0.1.
2021-06-21T00:00:48.509Z [6f59f6043b350a20] [ACCEPTED LOGIN]   for client : jffe@000 / 127.0.0.1.
2021-06-21T00:00:57.834Z [7a20aca49f29195e] [ACCEPTED LOGIN]   for client : admin / 192.168.44.1.
2021-06-21T00:01:18.500Z [6c982e94b9b86621] [ACCEPTED LOGIN]   for client : jffe@000 / 127.0.0.1.
2021-06-21T00:01:18.500Z [4fba29da3aadc0a3] [ACCEPTED LOGIN]   for client : jffe@000 / 127.0.0.1.
2021-06-21T00:01:18.510Z [41dfac8c497a698f] [ACCEPTED LOGIN]   for client : jffe@000 / 127.0.0.1.
2021-06-21T00:01:22.828Z [3e7282fcb6b12202] [ACCEPTED LOGIN]   for client : admin / 192.168.44.1.
2021-06-21T00:01:47.847Z [652cff82fbb5d5aa] [ACCEPTED LOGIN]   for client : admin / 192.168.44.1.
2021-06-21T00:01:48.498Z [f438d3a73b54164 ] [ACCEPTED LOGIN]   for client : jffe@000 / 127.0.0.1.
2021-06-21T00:01:48.503Z [2c1ab92fb81b2f85] [ACCEPTED LOGIN]   for client : jffe@000 / 127.0.0.1.
2021-06-21T00:01:48.503Z [63049c84c467c338] [ACCEPTED LOGIN]   for client : jffe@000 / 127.0.0.1.
2021-06-21T00:02:12.468Z [476ce3a67215bc2f] [ACCEPTED LOGIN]   for client : jffe@000 / 192.168.44.1.
2021-06-21T00:02:12.839Z [2fc994f5f039df2e] [ACCEPTED LOGIN]   for client : admin / 192.168.44.1.
2021-06-21T00:02:37.855Z [14031f101929a7e2] [ACCEPTED LOGIN]   for client : admin / 192.168.44.1.
2021-06-21T00:02:48.514Z [29ce1b008d9e62a8] [ACCEPTED LOGIN]   for client : jffe@000 / 127.0.0.1.
2021-06-21T00:02:48.523Z [297cd249d165f247] [ACCEPTED LOGIN]   for client : jffe@000 / 127.0.0.1.
2021-06-21T00:02:48.541Z [55efc7646de9a979] [ACCEPTED LOGIN]   for client : jffe@000 / 127.0.0.1.
2021-06-21T00:03:01.479Z [64c5d4cbcdfb59b2] [ACCEPTED LOGIN]   for client : admin / 192.168.44.1.
2021-06-21T00:03:18.470Z [2473deff337f069e] [ACCEPTED LOGIN]   for client : anonymous / 192.168.44.1.
2021-06-21T00:03:18.472Z [2473deff337f069e] [ACCEPTED LOGIN]   for client : anonymous / 192.168.44.1.
2021-06-21T00:03:18.523Z [4f967b72975dedf ] [ACCEPTED LOGIN]   for client : jffe@000 / 127.0.0.1.
2021-06-21T00:03:18.528Z [46d45cc45f770651] [ACCEPTED LOGIN]   for client : jffe@000 / 127.0.0.1.
2021-06-21T00:03:18.530Z [17c3af33bf410eff] [ACCEPTED LOGIN]   for client : jffe@000 / 127.0.0.1.
2021-06-21T00:03:26.497Z [54fe42c780d87641] [ACCEPTED LOGIN]   for client : maven / 192.168.44.1.
2021-06-21T00:03:26.729Z [6dc5f1bcf0b83ab2] [ACCEPTED LOGIN]   for client : maven / 192.168.44.1.
2021-06-21T00:03:48.544Z [7b0e129cd552ae57] [ACCEPTED LOGIN]   for client : jffe@000 / 127.0.0.1.
2021-06-21T00:03:48.548Z [f4c8f88805ad594 ] [ACCEPTED LOGIN]   for client : jffe@000 / 127.0.0.1.
2021-06-21T00:03:48.551Z [667821ab889fc1cb] [ACCEPTED LOGIN]   for client : jffe@000 / 127.0.0.1.
2021-06-21T00:03:51.861Z [2d99a0a260baadc0] [ACCEPTED LOGIN]   for client : maven / 192.168.44.1.
2021-06-21T00:03:53.392Z [453073b6ab36c4ba] [ACCEPTED LOGIN]   for client : anonymous / 192.168.44.1.
2021-06-21T00:03:53.403Z [453073b6ab36c4ba] [ACCEPTED LOGIN]   for client : anonymous / 192.168.44.1.
2021-06-21T00:03:58.257Z [450fc625765fb682] [ACCEPTED LOGIN]   for client : admin / 192.168.44.1.
2021-06-21T00:03:58.454Z [7c79088dd2e086c8] [ACCEPTED LOGIN]   for client : admin / 192.168.44.1.
2021-06-21T00:03:58.477Z [7c79088dd2e086c8] [ACCEPTED LOGIN]   for client : admin / 192.168.44.1.
2021-06-21T00:03:58.589Z [e1b6c257051e8a6 ] [ACCEPTED LOGIN]   for client : admin / 192.168.44.1.
2021-06-21T00:04:18.546Z [66e1ddf5f8911ce8] [ACCEPTED LOGIN]   for client : jffe@000 / 127.0.0.1.
2021-06-21T00:04:18.550Z [2ad2345a53f0de05] [ACCEPTED LOGIN]   for client : jffe@000 / 127.0.0.1.
2021-06-21T00:04:18.547Z [6b9f55ff7ed63fb2] [ACCEPTED LOGIN]   for client : jffe@000 / 127.0.0.1.
2021-06-21T00:04:23.705Z [2d8dc1f3a4372522] [ACCEPTED LOGIN]   for client : admin / 192.168.44.1.
2021-06-21T00:04:48.517Z [17104eaeb3019892] [ACCEPTED LOGIN]   for client : jffe@000 / 127.0.0.1.
2021-06-21T00:04:48.534Z [20f09c01b164be2d] [ACCEPTED LOGIN]   for client : jffe@000 / 127.0.0.1.
2021-06-21T00:04:48.538Z [359553c3842459a9] [ACCEPTED LOGIN]   for client : jffe@000 / 127.0.0.1.
2021-06-21T00:04:48.684Z [20a14e45bcbe0498] [ACCEPTED LOGIN]   for client : admin / 192.168.44.1.
2021-06-21T00:05:13.731Z [6cc367c5e00bafe4] [ACCEPTED LOGIN]   for client : admin / 192.168.44.1.
2021-06-21T00:05:18.543Z [414658e8a4e58bf6] [ACCEPTED LOGIN]   for client : jffe@000 / 127.0.0.1.
2021-06-21T00:05:18.548Z [7dc577c3e23392ca] [ACCEPTED LOGIN]   for client : jffe@000 / 127.0.0.1.
2021-06-21T00:05:18.549Z [23b5eef1be30f505] [ACCEPTED LOGIN]   for client : jffe@000 / 127.0.0.1.
2021-06-21T00:05:35.784Z [1498559e94e93bcc] [ACCEPTED LOGIN]   for client : admin / 192.168.44.1.
2021-06-21T00:05:48.561Z [7497c858fadb68e9] [ACCEPTED LOGIN]   for client : jffe@000 / 127.0.0.1.
2021-06-21T00:05:48.564Z [753007d9d47d138a] [ACCEPTED LOGIN]   for client : jffe@000 / 127.0.0.1.
2021-06-21T00:05:48.565Z [79f61fc330b1b046] [ACCEPTED LOGIN]   for client : jffe@000 / 127.0.0.1.
2021-06-21T00:06:03.692Z [77900ec0b3b409fb] [ACCEPTED LOGIN]   for client : admin / 192.168.44.1.
2021-06-21T00:06:18.557Z [7406c56e67800c68] [ACCEPTED LOGIN]   for client : jffe@000 / 127.0.0.1.
2021-06-21T00:06:18.575Z [1e88703d06da7ecb] [ACCEPTED LOGIN]   for client : jffe@000 / 127.0.0.1.
2021-06-21T00:06:18.581Z [18896afaf48597f3] [ACCEPTED LOGIN]   for client : jffe@000 / 127.0.0.1.
2021-06-21T00:06:28.709Z [7688e2e12a8cf30e] [ACCEPTED LOGIN]   for client : admin / 192.168.44.1.
2021-06-21T00:06:48.584Z [3c9e6dba373b08d6] [ACCEPTED LOGIN]   for client : jffe@000 / 127.0.0.1.
2021-06-21T00:06:48.584Z [b3ad610e594a690 ] [ACCEPTED LOGIN]   for client : jffe@000 / 127.0.0.1.
2021-06-21T00:06:48.584Z [6e59b8046c6cf04c] [ACCEPTED LOGIN]   for client : jffe@000 / 127.0.0.1.
2021-06-21T00:06:53.695Z [7096e8b7198d0b01] [ACCEPTED LOGIN]   for client : admin / 192.168.44.1.
2021-06-21T00:07:17.103Z [d73b49e73345bf9 ] [ACCEPTED LOGIN]   for client : anonymous / 192.168.44.1.
2021-06-21T00:07:17.103Z [d73b49e73345bf9 ] [ACCEPTED LOGIN]   for client : anonymous / 192.168.44.1.
2021-06-21T00:07:18.589Z [3e91a059797cc83a] [ACCEPTED LOGIN]   for client : jffe@000 / 127.0.0.1.
2021-06-21T00:07:18.605Z [296f763d2062b451] [ACCEPTED LOGIN]   for client : jffe@000 / 127.0.0.1.
2021-06-21T00:07:18.607Z [82ee1ebea90e4c9 ] [ACCEPTED LOGIN]   for client : jffe@000 / 127.0.0.1.
2021-06-21T00:07:24.079Z [432f2e7ffc129430] [ACCEPTED LOGIN]   for client : token:jfevt@01f8nwh1yrag8q1qnmzprd126q / 127.0.0.1.
2021-06-21T00:07:26.450Z [4e5c3945b8831416] [ACCEPTED LOGIN]   for client : maven / 192.168.44.1.
2021-06-21T00:07:26.710Z [756515fa044532ca] [ACCEPTED LOGIN]   for client : maven / 192.168.44.1.
2021-06-21T00:07:48.567Z [624b5fbc9992ac3d] [ACCEPTED LOGIN]   for client : jffe@000 / 127.0.0.1.
2021-06-21T00:07:48.573Z [58c7b515311fd3e0] [ACCEPTED LOGIN]   for client : jffe@000 / 127.0.0.1.
2021-06-21T00:07:48.579Z [7c12a6f08d591ed3] [ACCEPTED LOGIN]   for client : jffe@000 / 127.0.0.1.
2021-06-21T00:07:51.796Z [290eea96478a441c] [ACCEPTED LOGIN]   for client : maven / 192.168.44.1.
2021-06-21T00:08:14.563Z [2644f3f4ee7c6729] [ACCEPTED LOGIN]   for client : maven / 192.168.44.1.
2021-06-21T00:08:18.585Z [455f8380725be24f] [ACCEPTED LOGIN]   for client : jffe@000 / 127.0.0.1.
2021-06-21T00:08:18.592Z [7a990845c2f4777e] [ACCEPTED LOGIN]   for client : jffe@000 / 127.0.0.1.
2021-06-21T00:08:18.607Z [6f56b6bb3fd9d6a2] [ACCEPTED LOGIN]   for client : jffe@000 / 127.0.0.1.
2021-06-21T00:08:41.817Z [4dd27aafd157cb1 ] [ACCEPTED LOGIN]   for client : maven / 192.168.44.1.
2021-06-21T00:08:48.596Z [3ea404dfbc023c90] [ACCEPTED LOGIN]   for client : jffe@000 / 127.0.0.1.
2021-06-21T00:08:48.597Z [18263558aed6fcf4] [ACCEPTED LOGIN]   for client : jffe@000 / 127.0.0.1.
2021-06-21T00:08:48.600Z [537bd0ca119a8704] [ACCEPTED LOGIN]   for client : jffe@000 / 127.0.0.1.
2021-06-21T00:09:06.808Z [26f9a3240c2a9d4c] [ACCEPTED LOGIN]   for client : maven / 192.168.44.1.
2021-06-21T00:09:18.592Z [7793b609171aef6f] [ACCEPTED LOGIN]   for client : jffe@000 / 127.0.0.1.
2021-06-21T00:09:18.593Z [5f3e6e61f3f873de] [ACCEPTED LOGIN]   for client : jffe@000 / 127.0.0.1.
2021-06-21T00:09:18.596Z [4b318e8166d0dbe6] [ACCEPTED LOGIN]   for client : jffe@000 / 127.0.0.1.
2021-06-21T00:09:24.510Z [3cd8b3d972e817d6] [ACCEPTED LOGIN]   for client : anonymous / 192.168.44.1.
2021-06-21T00:09:24.512Z [3cd8b3d972e817d6] [ACCEPTED LOGIN]   for client : anonymous / 192.168.44.1.
2021-06-21T00:09:30.152Z [624865cd714d413c] [ACCEPTED LOGIN]   for client : admin / 192.168.44.1.
2021-06-21T00:09:30.342Z [2fa5969bc79cc56e] [ACCEPTED LOGIN]   for client : admin / 192.168.44.1.
2021-06-21T00:09:30.355Z [2fa5969bc79cc56e] [ACCEPTED LOGIN]   for client : admin / 192.168.44.1.
2021-06-21T00:09:30.403Z [430d477b6af000e1] [ACCEPTED LOGIN]   for client : admin / 192.168.44.1.
2021-06-21T00:09:48.591Z [54ff8dcce70e4cfc] [ACCEPTED LOGIN]   for client : jffe@000 / 127.0.0.1.
2021-06-21T00:09:48.598Z [5ebb5376b58183ab] [ACCEPTED LOGIN]   for client : jffe@000 / 127.0.0.1.
2021-06-21T00:09:48.602Z [5d048b47e62276e2] [ACCEPTED LOGIN]   for client : jffe@000 / 127.0.0.1.
2021-06-21T00:09:50.056Z [7fdd798b4f64ac00] [ACCEPTED LOGIN]   for client : admin / 192.168.44.1.
2021-06-21T00:09:50.098Z [45a4223857a698b8] [ACCEPTED LOGIN]   for client : admin / 192.168.44.1.
2021-06-21T00:09:50.107Z [4d74992634c80d45] [ACCEPTED LOGIN]   for client : admin / 192.168.44.1.
2021-06-21T00:09:50.106Z [6642b5a1620cd3c4] [ACCEPTED LOGIN]   for client : admin / 192.168.44.1.
2021-06-21T00:09:50.132Z [f023375f22b6fad ] [ACCEPTED LOGIN]   for client : admin / 192.168.44.1.
2021-06-21T00:09:50.137Z [14e226696d95283f] [ACCEPTED LOGIN]   for client : admin / 192.168.44.1.
2021-06-21T00:10:05.175Z [5a7d0cfb3975add ] [ACCEPTED LOGIN]   for client : anonymous / 192.168.44.1.
2021-06-21T00:10:05.180Z [5a7d0cfb3975add ] [ACCEPTED LOGIN]   for client : anonymous / 192.168.44.1.
2021-06-21T00:10:13.391Z [590a54d41718af74] [ACCEPTED LOGIN]   for client : maven / 192.168.44.1.
2021-06-21T00:10:13.625Z [70dc95e09b7293ee] [ACCEPTED LOGIN]   for client : maven / 192.168.44.1.
2021-06-21T00:10:18.587Z [683136efbc6f6c69] [ACCEPTED LOGIN]   for client : jffe@000 / 127.0.0.1.
2021-06-21T00:10:18.594Z [42550faa21da6d0d] [ACCEPTED LOGIN]   for client : jffe@000 / 127.0.0.1.
2021-06-21T00:10:18.597Z [5080f6774771391e] [ACCEPTED LOGIN]   for client : jffe@000 / 127.0.0.1.
2021-06-21T00:10:21.612Z [70e18eb8e298bf08] [ACCEPTED LOGIN]   for client : anonymous / 192.168.44.1.
2021-06-21T00:10:21.619Z [70e18eb8e298bf08] [ACCEPTED LOGIN]   for client : anonymous / 192.168.44.1.
2021-06-21T00:10:27.614Z [6e015d5e2196c737] [ACCEPTED LOGIN]   for client : admin / 192.168.44.1.
2021-06-21T00:10:27.836Z [4c4a32eb1ed8bf6e] [ACCEPTED LOGIN]   for client : admin / 192.168.44.1.
2021-06-21T00:10:27.851Z [4c4a32eb1ed8bf6e] [ACCEPTED LOGIN]   for client : admin / 192.168.44.1.
2021-06-21T00:10:27.926Z [ae3ad5468a35da3 ] [ACCEPTED LOGIN]   for client : admin / 192.168.44.1.
2021-06-21T00:10:48.600Z [70a53c93bddd80a0] [ACCEPTED LOGIN]   for client : jffe@000 / 127.0.0.1.
2021-06-21T00:10:48.605Z [71fa2071a4dba172] [ACCEPTED LOGIN]   for client : jffe@000 / 127.0.0.1.
2021-06-21T00:10:48.605Z [6a304ba9f0bdbdee] [ACCEPTED LOGIN]   for client : jffe@000 / 127.0.0.1.
2021-06-21T00:10:53.038Z [4120008bd7cf132b] [ACCEPTED LOGIN]   for client : admin / 192.168.44.1.
2021-06-21T00:11:18.031Z [23c203f17a50f02c] [ACCEPTED LOGIN]   for client : admin / 192.168.44.1.
2021-06-21T00:11:18.605Z [333a37349d1b1d57] [ACCEPTED LOGIN]   for client : jffe@000 / 127.0.0.1.
2021-06-21T00:11:18.609Z [1aaf6ac0d990a216] [ACCEPTED LOGIN]   for client : jffe@000 / 127.0.0.1.
2021-06-21T00:11:18.612Z [3acb8e455deb6554] [ACCEPTED LOGIN]   for client : jffe@000 / 127.0.0.1.
2021-06-21T00:11:43.040Z [1dc7b7b1315f0a78] [ACCEPTED LOGIN]   for client : admin / 192.168.44.1.
2021-06-21T00:11:48.611Z [520f64f8f440fb0c] [ACCEPTED LOGIN]   for client : jffe@000 / 127.0.0.1.
2021-06-21T00:11:48.617Z [29708e5893fe1fe7] [ACCEPTED LOGIN]   for client : jffe@000 / 127.0.0.1.
2021-06-21T00:11:48.624Z [7eb19ea419e8ab85] [ACCEPTED LOGIN]   for client : jffe@000 / 127.0.0.1.
2021-06-21T00:12:06.331Z [67fb54261279074e] [ACCEPTED LOGIN]   for client : admin / 192.168.44.1.
2021-06-21T00:12:18.625Z [41dc6f68ba3b86b7] [ACCEPTED LOGIN]   for client : jffe@000 / 127.0.0.1.
2021-06-21T00:12:18.634Z [ee7898bb1a0ed13 ] [ACCEPTED LOGIN]   for client : jffe@000 / 127.0.0.1.
2021-06-21T00:12:18.638Z [5c0b056066d08d13] [ACCEPTED LOGIN]   for client : jffe@000 / 127.0.0.1.
2021-06-21T00:12:24.115Z [432f2e7ffc129430] [ACCEPTED LOGIN]   for client : token:jfevt@01f8nwh1yrag8q1qnmzprd126q / 127.0.0.1.
2021-06-21T00:12:33.457Z [5d9d2b7eeb31ce1 ] [ACCEPTED LOGIN]   for client : admin / 192.168.44.1.
2021-06-21T00:12:48.621Z [56a81e1b301b2703] [ACCEPTED LOGIN]   for client : jffe@000 / 127.0.0.1.
2021-06-21T00:12:48.623Z [5da3ee904c941bd3] [ACCEPTED LOGIN]   for client : jffe@000 / 127.0.0.1.
2021-06-21T00:12:48.633Z [6323bd392ae89cc5] [ACCEPTED LOGIN]   for client : jffe@000 / 127.0.0.1.
2021-06-21T00:12:58.463Z [78b5a7c45062301c] [ACCEPTED LOGIN]   for client : admin / 192.168.44.1.
2021-06-21T00:13:18.606Z [636ffc5a44c92d68] [ACCEPTED LOGIN]   for client : jffe@000 / 127.0.0.1.
2021-06-21T00:13:18.610Z [78cb2c74860fe188] [ACCEPTED LOGIN]   for client : jffe@000 / 127.0.0.1.
2021-06-21T00:13:18.610Z [55d44306484f5600] [ACCEPTED LOGIN]   for client : jffe@000 / 127.0.0.1.
2021-06-21T00:13:23.457Z [125eb63966bbeb10] [ACCEPTED LOGIN]   for client : admin / 192.168.44.1.
2021-06-21T00:13:48.476Z [3a432ad8c27f9722] [ACCEPTED LOGIN]   for client : admin / 192.168.44.1.
2021-06-21T00:13:48.607Z [351f6fe6a7f32cec] [ACCEPTED LOGIN]   for client : jffe@000 / 127.0.0.1.
2021-06-21T00:13:48.608Z [50206b4e306dd93a] [ACCEPTED LOGIN]   for client : jffe@000 / 127.0.0.1.
2021-06-21T00:13:48.609Z [512a06d9d1773a2f] [ACCEPTED LOGIN]   for client : jffe@000 / 127.0.0.1.
2021-06-21T00:14:13.478Z [1506c545b2a59c3a] [ACCEPTED LOGIN]   for client : admin / 192.168.44.1.
2021-06-21T00:14:18.602Z [775806f430068121] [ACCEPTED LOGIN]   for client : jffe@000 / 127.0.0.1.
2021-06-21T00:14:18.607Z [5bf55d920c7a32fe] [ACCEPTED LOGIN]   for client : jffe@000 / 127.0.0.1.
2021-06-21T00:14:18.609Z [43d1c584784c043a] [ACCEPTED LOGIN]   for client : jffe@000 / 127.0.0.1.
2021-06-21T00:14:38.480Z [55675134504eb49f] [ACCEPTED LOGIN]   for client : admin / 192.168.44.1.
2021-06-21T00:14:48.609Z [54ac17613828873e] [ACCEPTED LOGIN]   for client : jffe@000 / 127.0.0.1.
2021-06-21T00:14:48.609Z [452f48c66d0cb1de] [ACCEPTED LOGIN]   for client : jffe@000 / 127.0.0.1.
2021-06-21T00:14:48.609Z [78f7336269c9f795] [ACCEPTED LOGIN]   for client : jffe@000 / 127.0.0.1.
2021-06-21T00:15:03.461Z [7125f9d2fafc8c42] [ACCEPTED LOGIN]   for client : admin / 192.168.44.1.
2021-06-21T00:15:18.626Z [1e23a36ec6c46122] [ACCEPTED LOGIN]   for client : jffe@000 / 127.0.0.1.
2021-06-21T00:15:18.635Z [3614c0351927ab23] [ACCEPTED LOGIN]   for client : jffe@000 / 127.0.0.1.
2021-06-21T00:15:18.635Z [32d18832dc1208e0] [ACCEPTED LOGIN]   for client : jffe@000 / 127.0.0.1.
2021-06-21T00:15:28.462Z [64e020dee83e7338] [ACCEPTED LOGIN]   for client : admin / 192.168.44.1.
2021-06-21T00:15:48.630Z [445838bea658320f] [ACCEPTED LOGIN]   for client : jffe@000 / 127.0.0.1.
2021-06-21T00:15:48.632Z [72faf27c6518d6f9] [ACCEPTED LOGIN]   for client : jffe@000 / 127.0.0.1.
2021-06-21T00:15:48.637Z [30a504e50c261cf0] [ACCEPTED LOGIN]   for client : jffe@000 / 127.0.0.1.
2021-06-21T00:15:53.477Z [72049bc4bf0901b3] [ACCEPTED LOGIN]   for client : admin / 192.168.44.1.
2021-06-21T00:16:18.483Z [584d684db2d66e70] [ACCEPTED LOGIN]   for client : admin / 192.168.44.1.
2021-06-21T00:16:18.609Z [71a7ce35be4a6176] [ACCEPTED LOGIN]   for client : jffe@000 / 127.0.0.1.
2021-06-21T00:16:18.614Z [3109f69bc1542943] [ACCEPTED LOGIN]   for client : jffe@000 / 127.0.0.1.
2021-06-21T00:16:18.614Z [188ae96259a7a014] [ACCEPTED LOGIN]   for client : jffe@000 / 127.0.0.1.
2021-06-21T00:16:43.486Z [587324762ff4750 ] [ACCEPTED LOGIN]   for client : admin / 192.168.44.1.
2021-06-21T00:16:48.611Z [2ce58d95ad8b00b1] [ACCEPTED LOGIN]   for client : jffe@000 / 127.0.0.1.
2021-06-21T00:16:48.614Z [234148b0888b4bb7] [ACCEPTED LOGIN]   for client : jffe@000 / 127.0.0.1.
2021-06-21T00:16:48.619Z [48b38ad3d5787398] [ACCEPTED LOGIN]   for client : jffe@000 / 127.0.0.1.
2021-06-21T00:17:18.642Z [164b730046ee8fe1] [ACCEPTED LOGIN]   for client : jffe@000 / 127.0.0.1.
2021-06-21T00:17:18.642Z [589e233cfa686c40] [ACCEPTED LOGIN]   for client : jffe@000 / 127.0.0.1.
2021-06-21T00:17:18.643Z [3eee24c92a8b241 ] [ACCEPTED LOGIN]   for client : jffe@000 / 127.0.0.1.
2021-06-21T00:17:27.473Z [5d4d1ebe956a8f9 ] [ACCEPTED LOGIN]   for client : admin / 192.168.44.1.
2021-06-21T00:17:48.650Z [1914e10fb78dcd79] [ACCEPTED LOGIN]   for client : jffe@000 / 127.0.0.1.
2021-06-21T00:17:48.657Z [476134a5026f886d] [ACCEPTED LOGIN]   for client : jffe@000 / 127.0.0.1.
2021-06-21T00:17:48.657Z [2d3d89bf5b534291] [ACCEPTED LOGIN]   for client : jffe@000 / 127.0.0.1.
2021-06-21T00:18:18.661Z [55ad8ca059feb147] [ACCEPTED LOGIN]   for client : jffe@000 / 127.0.0.1.
2021-06-21T00:18:18.662Z [3337f3854d810692] [ACCEPTED LOGIN]   for client : jffe@000 / 127.0.0.1.
2021-06-21T00:18:18.663Z [64e087f38d68c665] [ACCEPTED LOGIN]   for client : jffe@000 / 127.0.0.1.
2021-06-21T00:18:27.478Z [27ceeee8b92d324d] [ACCEPTED LOGIN]   for client : admin / 192.168.44.1.
2021-06-21T00:18:48.666Z [1d02009cd359b9bb] [ACCEPTED LOGIN]   for client : jffe@000 / 127.0.0.1.
2021-06-21T00:18:48.668Z [48a7e99175db7d94] [ACCEPTED LOGIN]   for client : jffe@000 / 127.0.0.1.
2021-06-21T00:18:48.668Z [771d01529c7406be] [ACCEPTED LOGIN]   for client : jffe@000 / 127.0.0.1.
2021-06-21T00:19:18.690Z [7fb14a55694389b3] [ACCEPTED LOGIN]   for client : jffe@000 / 127.0.0.1.
2021-06-21T00:19:18.690Z [70018e58854e1356] [ACCEPTED LOGIN]   for client : jffe@000 / 127.0.0.1.
2021-06-21T00:19:18.692Z [2cd6a850c3900a7d] [ACCEPTED LOGIN]   for client : jffe@000 / 127.0.0.1.
2021-06-21T00:19:27.490Z [28750549ea91d5fe] [ACCEPTED LOGIN]   for client : admin / 192.168.44.1.
2021-06-21T00:19:48.675Z [5f1f16fb7d4210bd] [ACCEPTED LOGIN]   for client : jffe@000 / 127.0.0.1.
2021-06-21T00:19:48.676Z [7c80fa4f3b9f6932] [ACCEPTED LOGIN]   for client : jffe@000 / 127.0.0.1.
2021-06-21T00:19:48.683Z [7acb024e7ab08747] [ACCEPTED LOGIN]   for client : jffe@000 / 127.0.0.1.
2021-06-21T00:20:18.703Z [49184d5ae673566e] [ACCEPTED LOGIN]   for client : jffe@000 / 127.0.0.1.
2021-06-21T00:20:18.703Z [8013f1e6142b40  ] [ACCEPTED LOGIN]   for client : jffe@000 / 127.0.0.1.
2021-06-21T00:20:18.706Z [3b22f8bc26776a2 ] [ACCEPTED LOGIN]   for client : jffe@000 / 127.0.0.1.
2021-06-21T00:20:27.480Z [42da72b17efacb6b] [ACCEPTED LOGIN]   for client : admin / 192.168.44.1.
2021-06-21T00:20:48.722Z [44891b8bc0cfcee6] [ACCEPTED LOGIN]   for client : jffe@000 / 127.0.0.1.
2021-06-21T00:20:48.726Z [1ccd7dd5dc8abcb8] [ACCEPTED LOGIN]   for client : jffe@000 / 127.0.0.1.
2021-06-21T00:20:48.726Z [669904a68f690c50] [ACCEPTED LOGIN]   for client : jffe@000 / 127.0.0.1.
2021-06-21T00:21:18.675Z [11dfade6e6d04870] [ACCEPTED LOGIN]   for client : jffe@000 / 127.0.0.1.
2021-06-21T00:21:18.682Z [131801086b775a4a] [ACCEPTED LOGIN]   for client : jffe@000 / 127.0.0.1.
2021-06-21T00:21:18.685Z [785d2e878b820a56] [ACCEPTED LOGIN]   for client : jffe@000 / 127.0.0.1.
2021-06-21T00:21:20.465Z [f1ec0e34980f7cf7] [ACCEPTED DEPLOY] libs-release-local:pl/pandait/panda/0.0.1/panda-0.0.1.jar  for client : admin / 192.168.44.44.
2021-06-21T00:21:20.535Z [f1ec0e34980f7cf7] [ACCEPTED LOGIN]   for client : admin / 192.168.44.44.
2021-06-21T00:21:21.281Z [955cee4f60bd882b] [ACCEPTED DEPLOY] libs-release-local:pl/pandait/panda/0.0.1/panda-0.0.1.pom  for client : admin / 192.168.44.44.
2021-06-21T00:21:21.374Z [a55693f6d3f4076 ] [ACCEPTED DEPLOY] libs-release-local:pl/pandait/panda/maven-metadata.xml  for client : admin / 192.168.44.44.
2021-06-21T00:21:21.455Z [c04e26ae7e9ea9a9] [ACCEPTED DEPLOY] libs-release-local:pl/pandait/panda/maven-metadata.xml  for client : admin / .
2021-06-21T00:21:25.071Z [53fcf717f3bd5db4] [ACCEPTED LOGIN]   for client : admin / 192.168.44.1.
2021-06-21T00:21:41.849Z [4a8f206804564aef] [ACCEPTED LOGIN]   for client : admin / 192.168.44.1.
2021-06-21T00:21:48.685Z [6d7e82b90f7aa150] [ACCEPTED LOGIN]   for client : jffe@000 / 127.0.0.1.
2021-06-21T00:21:48.687Z [5814274fa48d9bfb] [ACCEPTED LOGIN]   for client : jffe@000 / 127.0.0.1.
2021-06-21T00:21:48.690Z [ff6f97f6a133411 ] [ACCEPTED LOGIN]   for client : jffe@000 / 127.0.0.1.
2021-06-21T00:21:57.542Z [2b6d9c1fe1ab9ee1] [ACCEPTED LOGIN]   for client : admin / 192.168.44.1.
2021-06-21T00:22:18.698Z [a7206e53d890c4f ] [ACCEPTED LOGIN]   for client : jffe@000 / 127.0.0.1.
2021-06-21T00:22:18.702Z [6a6fad1dca4f080a] [ACCEPTED LOGIN]   for client : jffe@000 / 127.0.0.1.
2021-06-21T00:22:18.707Z [63e4704171bab623] [ACCEPTED LOGIN]   for client : jffe@000 / 127.0.0.1.
2021-06-21T00:22:22.511Z [1b95114436b1a1dd] [ACCEPTED LOGIN]   for client : admin / 192.168.44.1.
2021-06-21T00:22:24.074Z [432f2e7ffc129430] [ACCEPTED LOGIN]   for client : token:jfevt@01f8nwh1yrag8q1qnmzprd126q / 127.0.0.1.
2021-06-21T00:22:47.501Z [4fdc69b0d32bacdd] [ACCEPTED LOGIN]   for client : admin / 192.168.44.1.
2021-06-21T00:22:48.684Z [470412f63f2888e2] [ACCEPTED LOGIN]   for client : jffe@000 / 127.0.0.1.
2021-06-21T00:22:48.729Z [6c9fc8d8d8b59bf ] [ACCEPTED LOGIN]   for client : jffe@000 / 127.0.0.1.
2021-06-21T00:22:48.731Z [4074a145e5e1a57e] [ACCEPTED LOGIN]   for client : jffe@000 / 127.0.0.1.
2021-06-21T00:23:12.503Z [195734bfb54a5719] [ACCEPTED LOGIN]   for client : admin / 192.168.44.1.
2021-06-21T00:23:18.687Z [33de8cc47ce49907] [ACCEPTED LOGIN]   for client : jffe@000 / 127.0.0.1.
2021-06-21T00:23:18.690Z [400afa86c8256aff] [ACCEPTED LOGIN]   for client : jffe@000 / 127.0.0.1.
2021-06-21T00:23:18.690Z [4e902b15c4abb8cc] [ACCEPTED LOGIN]   for client : jffe@000 / 127.0.0.1.
2021-06-21T00:23:37.511Z [5312d7d7e42d1e0f] [ACCEPTED LOGIN]   for client : admin / 192.168.44.1.
2021-06-21T00:23:48.688Z [1050c57941c6ecd2] [ACCEPTED LOGIN]   for client : jffe@000 / 127.0.0.1.
2021-06-21T00:23:48.691Z [11b68e65aabbef46] [ACCEPTED LOGIN]   for client : jffe@000 / 127.0.0.1.
2021-06-21T00:23:48.693Z [2afbf347e56cbc9a] [ACCEPTED LOGIN]   for client : jffe@000 / 127.0.0.1.
2021-06-21T00:24:02.516Z [1d5cfe299d544c48] [ACCEPTED LOGIN]   for client : admin / 192.168.44.1.
2021-06-21T00:24:18.707Z [74f770bd9a1e9e8f] [ACCEPTED LOGIN]   for client : jffe@000 / 127.0.0.1.
2021-06-21T00:24:18.709Z [79b92fea22922d3 ] [ACCEPTED LOGIN]   for client : jffe@000 / 127.0.0.1.
2021-06-21T00:24:18.713Z [19f863679ebb3536] [ACCEPTED LOGIN]   for client : jffe@000 / 127.0.0.1.
2021-06-21T00:24:28.463Z [7d41e192f0c45ba4] [ACCEPTED LOGIN]   for client : admin / 192.168.44.1.
2021-06-21T00:24:48.722Z [14226c63b81a7eba] [ACCEPTED LOGIN]   for client : jffe@000 / 127.0.0.1.
2021-06-21T00:24:48.723Z [4bfd095909c3960d] [ACCEPTED LOGIN]   for client : jffe@000 / 127.0.0.1.
2021-06-21T00:24:48.725Z [1073f7471bb0872d] [ACCEPTED LOGIN]   for client : jffe@000 / 127.0.0.1.
2021-06-21T00:24:54.565Z [33ac7cac1bc3cde8] [ACCEPTED LOGIN]   for client : admin / 192.168.44.1.
